Using pre-set license
Built from '2021.3/staging' branch; Version is '2021.3.9f1 (ad3870b89536) revision 11352176'; Using compiler version '192829333'; Build Type 'Release'
OS: 'Windows 11  (10.0.22621) 64bit Professional' Language: 'ko' Physical Memory: 8025 MB
BatchMode: 1, IsHumanControllingUs: 0, StartBugReporterOnCrash: 0, Is64bit: 1, IsPro: 1

COMMAND LINE ARGUMENTS:
C:\Program Files\Unity\Hub\Editor\2021.3.9f1\Editor\Unity.exe
-adb2
-batchMode
-noUpm
-name
AssetImportWorker0
-projectPath
C:/Users/isaac/Documents/GitHub/IXXPs/Project_Cube
-logFile
Logs/AssetImportWorker0.log
-srvPort
62657
Successfully changed project path to: C:/Users/isaac/Documents/GitHub/IXXPs/Project_Cube
C:/Users/isaac/Documents/GitHub/IXXPs/Project_Cube
[UnityMemory] Configuration Parameters - Can be set up in boot.config
    "memorysetup-bucket-allocator-granularity=16"
    "memorysetup-bucket-allocator-bucket-count=8"
    "memorysetup-bucket-allocator-block-size=33554432"
    "memorysetup-bucket-allocator-block-count=8"
    "memorysetup-main-allocator-block-size=16777216"
    "memorysetup-thread-allocator-block-size=16777216"
    "memorysetup-gfx-main-allocator-block-size=16777216"
    "memorysetup-gfx-thread-allocator-block-size=16777216"
    "memorysetup-cache-allocator-block-size=4194304"
    "memorysetup-typetree-allocator-block-size=2097152"
    "memorysetup-profiler-bucket-allocator-granularity=16"
    "memorysetup-profiler-bucket-allocator-bucket-count=8"
    "memorysetup-profiler-bucket-allocator-block-size=33554432"
    "memorysetup-profiler-bucket-allocator-block-count=8"
    "memorysetup-profiler-allocator-block-size=16777216"
    "memorysetup-profiler-editor-allocator-block-size=1048576"
    "memorysetup-temp-allocator-size-main=16777216"
    "memorysetup-job-temp-allocator-block-size=2097152"
    "memorysetup-job-temp-allocator-block-size-background=1048576"
    "memorysetup-job-temp-allocator-reduction-small-platforms=262144"
    "memorysetup-temp-allocator-size-background-worker=32768"
    "memorysetup-temp-allocator-size-job-worker=262144"
    "memorysetup-temp-allocator-size-preload-manager=33554432"
    "memorysetup-temp-allocator-size-nav-mesh-worker=65536"
    "memorysetup-temp-allocator-size-audio-worker=65536"
    "memorysetup-temp-allocator-size-cloud-worker=32768"
    "memorysetup-temp-allocator-size-gi-baking-worker=262144"
    "memorysetup-temp-allocator-size-gfx=262144"
Refreshing native plugins compatible for Editor in 146.78 ms, found 2 plugins.
Preloading 0 native plugins for Editor in 0.00 ms.
Initialize engine version: 2021.3.9f1 (ad3870b89536)
[Subsystems] Discovering subsystems at path C:/Program Files/Unity/Hub/Editor/2021.3.9f1/Editor/Data/Resources/UnitySubsystems
[Subsystems] Discovering subsystems at path C:/Users/isaac/Documents/GitHub/IXXPs/Project_Cube/Assets
GfxDevice: creating device client; threaded=0; jobified=0
Direct3D:
    Version:  Direct3D 11.0 [level 11.1]
    Renderer: Intel(R) UHD Graphics 620 (ID=0x5917)
    Vendor:   Intel
    VRAM:     4012 MB
    Driver:   23.20.16.4849
Initialize mono
Mono path[0] = 'C:/Program Files/Unity/Hub/Editor/2021.3.9f1/Editor/Data/Managed'
Mono path[1] = 'C:/Program Files/Unity/Hub/Editor/2021.3.9f1/Editor/Data/MonoBleedingEdge/lib/mono/unityjit-win32'
Mono config path = 'C:/Program Files/Unity/Hub/Editor/2021.3.9f1/Editor/Data/MonoBleedingEdge/etc'
Using monoOptions --debugger-agent=transport=dt_socket,embedding=1,server=y,suspend=n,address=127.0.0.1:56392
Begin MonoManager ReloadAssembly
Registering precompiled unity dll's ...
Register platform support module: C:/Program Files/Unity/Hub/Editor/2021.3.9f1/Editor/Data/PlaybackEngines/WindowsStandaloneSupport/UnityEditor.WindowsStandalone.Extensions.dll
Registered in 0.023601 seconds.
Native extension for WindowsStandalone target not found
Refreshing native plugins compatible for Editor in 94.46 ms, found 2 plugins.
Preloading 0 native plugins for Editor in 0.00 ms.
Mono: successfully reloaded assembly
- Completed reload, in  1.304 seconds
Domain Reload Profiling:
	ReloadAssembly (1305ms)
		BeginReloadAssembly (133ms)
			ExecutionOrderSort (0ms)
			DisableScriptedObjects (0ms)
			BackupInstance (0ms)
			ReleaseScriptingObjects (0ms)
			CreateAndSetChildDomain (1ms)
		EndReloadAssembly (907ms)
			LoadAssemblies (129ms)
			RebuildTransferFunctionScriptingTraits (0ms)
			SetupTypeCache (247ms)
			ReleaseScriptCaches (0ms)
			RebuildScriptCaches (83ms)
			SetupLoadedEditorAssemblies (459ms)
				LogAssemblyErrors (0ms)
				InitializePlatformSupportModulesInManaged (23ms)
				SetLoadedEditorAssemblies (1ms)
				RefreshPlugins (95ms)
				BeforeProcessingInitializeOnLoad (6ms)
				ProcessInitializeOnLoadAttributes (239ms)
				ProcessInitializeOnLoadMethodAttributes (96ms)
				AfterProcessingInitializeOnLoad (0ms)
				EditorAssembliesLoaded (0ms)
			ExecutionOrderSort2 (0ms)
			AwakeInstancesAfterBackupRestoration (0ms)
Platform modules already initialized, skipping
Registering precompiled user dll's ...
Registered in 0.015419 seconds.
Begin MonoManager ReloadAssembly
Symbol file data-00000279C7107E20 doesn't match image C:\Users\isaac\Documents\GitHub\IXXPs\Project_Cube\Library\ScriptAssemblies\Assembly-CSharp.dll
Symbol file LoadedFromMemory is not a mono symbol file
Symbol file data-00000279C7107E20 doesn't match image C:\Users\isaac\Documents\GitHub\IXXPs\Project_Cube\Library\ScriptAssemblies\Purchasing.Common.dll
Symbol file LoadedFromMemory is not a mono symbol file
Symbol file data-00000279C7114F90 doesn't match image C:\Users\isaac\Documents\GitHub\IXXPs\Project_Cube\Library\ScriptAssemblies\Unity.VSCode.Editor.dll
Symbol file LoadedFromMemory is not a mono symbol file
Symbol file data-00000279C9023820 doesn't match image C:\Users\isaac\Documents\GitHub\IXXPs\Project_Cube\Library\ScriptAssemblies\Unity.2D.Tilemap.Editor.dll
Symbol file LoadedFromMemory is not a mono symbol file
Symbol file data-00000279C9023820 doesn't match image C:\Users\isaac\Documents\GitHub\IXXPs\Project_Cube\Library\ScriptAssemblies\UnityEngine.Purchasing.dll
Symbol file LoadedFromMemory is not a mono symbol file
Symbol file data-00000279C7107E20 doesn't match image C:\Users\isaac\Documents\GitHub\IXXPs\Project_Cube\Library\ScriptAssemblies\UnityEngine.Purchasing.WinRTCore.dll
Symbol file LoadedFromMemory is not a mono symbol file
Symbol file data-00000279C850C980 doesn't match image C:\Users\isaac\Documents\GitHub\IXXPs\Project_Cube\Library\ScriptAssemblies\Unity.TextMeshPro.Editor.dll
Symbol file LoadedFromMemory is not a mono symbol file
Symbol file data-00000279C6CCAC10 doesn't match image C:\Users\isaac\Documents\GitHub\IXXPs\Project_Cube\Library\ScriptAssemblies\Unity.Services.Core.Telemetry.dll
Symbol file LoadedFromMemory is not a mono symbol file
Symbol file data-00000279C7107E20 doesn't match image C:\Users\isaac\Documents\GitHub\IXXPs\Project_Cube\Library\ScriptAssemblies\UnityEngine.Purchasing.AppleMacosStub.dll
Symbol file LoadedFromMemory is not a mono symbol file
Symbol file data-00000279C8523390 doesn't match image C:\Users\isaac\Documents\GitHub\IXXPs\Project_Cube\Library\ScriptAssemblies\Unity.VisualStudio.Editor.dll
Symbol file LoadedFromMemory is not a mono symbol file
Symbol file data-00000279C8523390 doesn't match image C:\Users\isaac\Documents\GitHub\IXXPs\Project_Cube\Library\ScriptAssemblies\UnityEngine.TestRunner.dll
Symbol file LoadedFromMemory is not a mono symbol file
Symbol file data-00000279C6DF9EC0 doesn't match image C:\Users\isaac\Documents\GitHub\IXXPs\Project_Cube\Library\ScriptAssemblies\Unity.Timeline.dll
Symbol file LoadedFromMemory is not a mono symbol file
Symbol file data-00000279C7107E20 doesn't match image C:\Users\isaac\Documents\GitHub\IXXPs\Project_Cube\Library\ScriptAssemblies\Unity.Services.Analytics.Editor.dll
Symbol file LoadedFromMemory is not a mono symbol file
Symbol file data-00000279C6DF9EC0 doesn't match image C:\Users\isaac\Documents\GitHub\IXXPs\Project_Cube\Library\ScriptAssemblies\Unity.TextMeshPro.dll
Symbol file LoadedFromMemory is not a mono symbol file
Symbol file data-00000279C7107E20 doesn't match image C:\Users\isaac\Documents\GitHub\IXXPs\Project_Cube\Library\ScriptAssemblies\UnityEngine.Purchasing.SecurityStub.dll
Symbol file LoadedFromMemory is not a mono symbol file
Symbol file data-00000279C6B9C010 doesn't match image C:\Users\isaac\Documents\GitHub\IXXPs\Project_Cube\Library\ScriptAssemblies\UnityEditor.TestRunner.dll
Symbol file LoadedFromMemory is not a mono symbol file
Symbol file data-00000279C7107E20 doesn't match image C:\Users\isaac\Documents\GitHub\IXXPs\Project_Cube\Library\ScriptAssemblies\Unity.Services.Core.Networking.dll
Symbol file LoadedFromMemory is not a mono symbol file
Symbol file data-00000279C8523390 doesn't match image C:\Users\isaac\Documents\GitHub\IXXPs\Project_Cube\Library\ScriptAssemblies\Unity.Services.Analytics.dll
Symbol file LoadedFromMemory is not a mono symbol file
Symbol file data-00000279C6BCA420 doesn't match image C:\Users\isaac\Documents\GitHub\IXXPs\Project_Cube\Library\ScriptAssemblies\Unity.2D.Sprite.Editor.dll
Symbol file LoadedFromMemory is not a mono symbol file
Symbol file data-00000279C6BD6230 doesn't match image C:\Users\isaac\Documents\GitHub\IXXPs\Project_Cube\Library\ScriptAssemblies\UnityEngine.Advertisements.dll
Symbol file LoadedFromMemory is not a mono symbol file
Symbol file data-00000279C6BEC440 doesn't match image C:\Users\isaac\Documents\GitHub\IXXPs\Project_Cube\Library\ScriptAssemblies\UnityEditor.UI.dll
Symbol file LoadedFromMemory is not a mono symbol file
Symbol file data-00000279C63A7010 doesn't match image C:\Users\isaac\Documents\GitHub\IXXPs\Project_Cube\Library\ScriptAssemblies\Unity.PlasticSCM.Editor.dll
Symbol file LoadedFromMemory is not a mono symbol file
Symbol file data-00000279C63A7010 doesn't match image C:\Users\isaac\Documents\GitHub\IXXPs\Project_Cube\Library\ScriptAssemblies\Unity.Rider.Editor.dll
Symbol file LoadedFromMemory is not a mono symbol file
Symbol file data-00000279C6CCAC10 doesn't match image C:\Users\isaac\Documents\GitHub\IXXPs\Project_Cube\Library\ScriptAssemblies\Analytics.dll
Symbol file LoadedFromMemory is not a mono symbol file
Symbol file data-00000279C6C00050 doesn't match image C:\Users\isaac\Documents\GitHub\IXXPs\Project_Cube\Library\ScriptAssemblies\Unity.Services.Core.Internal.dll
Symbol file LoadedFromMemory is not a mono symbol file
Symbol file data-00000279C8C4F010 doesn't match image C:\Users\isaac\Documents\GitHub\IXXPs\Project_Cube\Library\ScriptAssemblies\UnityEngine.UI.dll
Symbol file LoadedFromMemory is not a mono symbol file
Symbol file data-00000279C6CCAC10 doesn't match image C:\Users\isaac\Documents\GitHub\IXXPs\Project_Cube\Library\ScriptAssemblies\UnityEngine.SpatialTracking.dll
Symbol file LoadedFromMemory is not a mono symbol file
Symbol file data-00000279C6CCAC10 doesn't match image C:\Users\isaac\Documents\GitHub\IXXPs\Project_Cube\Library\ScriptAssemblies\Unity.Services.Core.Configuration.dll
Symbol file LoadedFromMemory is not a mono symbol file
Symbol file data-00000279C6CCAC10 doesn't match image C:\Users\isaac\Documents\GitHub\IXXPs\Project_Cube\Library\ScriptAssemblies\UnityEngine.Purchasing.WinRTStub.dll
Symbol file LoadedFromMemory is not a mono symbol file
Symbol file data-00000279C852B3A0 doesn't match image C:\Users\isaac\Documents\GitHub\IXXPs\Project_Cube\Library\ScriptAssemblies\UnityEngine.Purchasing.AppleCore.dll
Symbol file LoadedFromMemory is not a mono symbol file
Symbol file data-00000279C852B3A0 doesn't match image C:\Users\isaac\Documents\GitHub\IXXPs\Project_Cube\Library\ScriptAssemblies\Unity.Services.Core.dll
Symbol file LoadedFromMemory is not a mono symbol file
Symbol file data-00000279C852B3A0 doesn't match image C:\Users\isaac\Documents\GitHub\IXXPs\Project_Cube\Library\ScriptAssemblies\Unity.Analytics.DataPrivacy.dll
Symbol file LoadedFromMemory is not a mono symbol file
Symbol file data-00000279C6409E40 doesn't match image C:\Users\isaac\Documents\GitHub\IXXPs\Project_Cube\Library\ScriptAssemblies\Unity.Services.Core.Editor.dll
Symbol file LoadedFromMemory is not a mono symbol file
Symbol file data-00000279C852B3A0 doesn't match image C:\Users\isaac\Documents\GitHub\IXXPs\Project_Cube\Library\ScriptAssemblies\Unity.Services.Core.Configuration.Editor.dll
Symbol file LoadedFromMemory is not a mono symbol file
Symbol file data-00000279C852B3A0 doesn't match image C:\Users\isaac\Documents\GitHub\IXXPs\Project_Cube\Library\ScriptAssemblies\Unity.Services.Core.Analytics.dll
Symbol file LoadedFromMemory is not a mono symbol file
Symbol file data-00000279C852B3A0 doesn't match image C:\Users\isaac\Documents\GitHub\IXXPs\Project_Cube\Library\ScriptAssemblies\UnityEngine.Purchasing.SecurityCore.dll
Symbol file LoadedFromMemory is not a mono symbol file
Symbol file data-00000279C8A0A230 doesn't match image C:\Users\isaac\Documents\GitHub\IXXPs\Project_Cube\Library\ScriptAssemblies\Unity.Services.Core.Registration.dll
Symbol file LoadedFromMemory is not a mono symbol file
Symbol file data-00000279C6411E50 doesn't match image C:\Users\isaac\Documents\GitHub\IXXPs\Project_Cube\Library\ScriptAssemblies\UnityEngine.Purchasing.Codeless.dll
Symbol file LoadedFromMemory is not a mono symbol file
Symbol file data-00000279C8C6F030 doesn't match image C:\Users\isaac\Documents\GitHub\IXXPs\Project_Cube\Library\ScriptAssemblies\UnityEngine.XR.LegacyInputHelpers.dll
Symbol file LoadedFromMemory is not a mono symbol file
Symbol file data-00000279C8A10040 doesn't match image C:\Users\isaac\Documents\GitHub\IXXPs\Project_Cube\Library\ScriptAssemblies\Unity.Services.Core.Environments.dll
Symbol file LoadedFromMemory is not a mono symbol file
Symbol file data-00000279C8C6F030 doesn't match image C:\Users\isaac\Documents\GitHub\IXXPs\Project_Cube\Library\ScriptAssemblies\Unity.Services.Core.Scheduler.dll
Symbol file LoadedFromMemory is not a mono symbol file
Symbol file data-00000279C8C6F030 doesn't match image C:\Users\isaac\Documents\GitHub\IXXPs\Project_Cube\Library\ScriptAssemblies\Unity.Services.Core.Environments.Internal.dll
Symbol file LoadedFromMemory is not a mono symbol file
Symbol file data-00000279C8C6F030 doesn't match image C:\Users\isaac\Documents\GitHub\IXXPs\Project_Cube\Library\ScriptAssemblies\Unity.Timeline.Editor.dll
Symbol file LoadedFromMemory is not a mono symbol file
Symbol file data-00000279C8C98A40 doesn't match image C:\Users\isaac\Documents\GitHub\IXXPs\Project_Cube\Library\ScriptAssemblies\UnityEngine.Purchasing.Stores.dll
Symbol file LoadedFromMemory is not a mono symbol file
Symbol file data-00000279C8BAFC30 doesn't match image C:\Users\isaac\Documents\GitHub\IXXPs\Project_Cube\Library\ScriptAssemblies\UnityEditor.XR.LegacyInputHelpers.dll
Symbol file LoadedFromMemory is not a mono symbol file
Symbol file data-00000279C8CC2A50 doesn't match image C:\Users\isaac\Documents\GitHub\IXXPs\Project_Cube\Library\ScriptAssemblies\Unity.CollabProxy.Editor.dll
Symbol file LoadedFromMemory is not a mono symbol file
Symbol file data-00000279C8BAFC30 doesn't match image C:\Users\isaac\Documents\GitHub\IXXPs\Project_Cube\Library\ScriptAssemblies\Unity.Services.Core.Threading.dll
Symbol file LoadedFromMemory is not a mono symbol file
Symbol file data-00000279C8BAFC30 doesn't match image C:\Users\isaac\Documents\GitHub\IXXPs\Project_Cube\Library\ScriptAssemblies\UnityEngine.Monetization.dll
Symbol file LoadedFromMemory is not a mono symbol file
Symbol file data-00000279C90FD020 doesn't match image C:\Users\isaac\Documents\GitHub\IXXPs\Project_Cube\Library\ScriptAssemblies\UnityEditor.Purchasing.dll
Symbol file LoadedFromMemory is not a mono symbol file
Symbol file data-00000279C8BAFC30 doesn't match image C:\Users\isaac\Documents\GitHub\IXXPs\Project_Cube\Library\ScriptAssemblies\UnityEngine.Purchasing.AppleStub.dll
Symbol file LoadedFromMemory is not a mono symbol file
Symbol file data-00000279C8BAFC30 doesn't match image C:\Users\isaac\Documents\GitHub\IXXPs\Project_Cube\Library\ScriptAssemblies\UnityEditor.SpatialTracking.dll
Symbol file LoadedFromMemory is not a mono symbol file
Symbol file data-00000279C90FD020 doesn't match image C:\Users\isaac\Documents\GitHub\IXXPs\Project_Cube\Library\ScriptAssemblies\UnityEngine.Advertisements.DevX.Editor.dll
Symbol file LoadedFromMemory is not a mono symbol file
Symbol file data-00000279C90FD020 doesn't match image C:\Users\isaac\Documents\GitHub\IXXPs\Project_Cube\Library\ScriptAssemblies\UnityEngine.Advertisements.Editor.dll
Symbol file LoadedFromMemory is not a mono symbol file
Symbol file data-00000279C90FD020 doesn't match image C:\Users\isaac\Documents\GitHub\IXXPs\Project_Cube\Library\ScriptAssemblies\Unity.Services.Core.Device.dll
Symbol file LoadedFromMemory is not a mono symbol file
Native extension for WindowsStandalone target not found
Refreshing native plugins compatible for Editor in 0.97 ms, found 2 plugins.
Preloading 0 native plugins for Editor in 0.00 ms.
Package Manager log level set to [2]
Mono: successfully reloaded assembly
- Completed reload, in  3.322 seconds
Domain Reload Profiling:
	ReloadAssembly (3324ms)
		BeginReloadAssembly (333ms)
			ExecutionOrderSort (0ms)
			DisableScriptedObjects (12ms)
			BackupInstance (0ms)
			ReleaseScriptingObjects (0ms)
			CreateAndSetChildDomain (53ms)
		EndReloadAssembly (2547ms)
			LoadAssemblies (305ms)
			RebuildTransferFunctionScriptingTraits (0ms)
			SetupTypeCache (597ms)
			ReleaseScriptCaches (1ms)
			RebuildScriptCaches (157ms)
			SetupLoadedEditorAssemblies (1408ms)
				LogAssemblyErrors (0ms)
				InitializePlatformSupportModulesInManaged (12ms)
				SetLoadedEditorAssemblies (1ms)
				RefreshPlugins (1ms)
				BeforeProcessingInitializeOnLoad (162ms)
				ProcessInitializeOnLoadAttributes (728ms)
				ProcessInitializeOnLoadMethodAttributes (486ms)
				AfterProcessingInitializeOnLoad (18ms)
				EditorAssembliesLoaded (0ms)
			ExecutionOrderSort2 (0ms)
			AwakeInstancesAfterBackupRestoration (18ms)
Platform modules already initialized, skipping
========================================================================
Worker process is ready to serve import requests
Launched and connected shader compiler UnityShaderCompiler.exe after 0.12 seconds
Refreshing native plugins compatible for Editor in 2.31 ms, found 2 plugins.
Preloading 0 native plugins for Editor in 0.00 ms.
Unloading 2443 Unused Serialized files (Serialized files now loaded: 0)
Unloading 60 unused Assets / (57.0 KB). Loaded Objects now: 2882.
Memory consumption went from 94.8 MB to 94.7 MB.
Total: 27.837900 ms (FindLiveObjects: 0.472200 ms CreateObjectMapping: 0.562000 ms MarkObjects: 26.568800 ms  DeleteObjects: 0.232300 ms)

AssetImportParameters requested are different than current active one (requested -> active):
  custom:video-decoder-ogg-theora: a1e56fd34408186e4bbccfd4996cb3dc -> 
  custom:container-muxer-webm: aa71ff27fc2769a1b78a27578f13a17b -> 
  custom:container-demuxer-webm: 4f35f7cbe854078d1ac9338744f61a02 -> 
  custom:video-encoder-webm-vp8: eb34c28f22e8b96e1ab97ce403110664 -> 
  custom:audio-encoder-webm-vorbis: bf7c407c2cedff20999df2af8eb42d56 -> 
  custom:framework-win-MediaFoundation: 216162199b28c13a410421893ffa2e32 -> 
  custom:container-demuxer-ogg: 62fdf1f143b41e24485cea50d1cbac27 -> 
  custom:video-decoder-webm-vp8: 9c59270c3fd7afecdb556c50c9e8de78 -> 
  custom:audio-decoder-ogg-vorbis: bf7c407c2cedff20999df2af8eb42d56 -> 
========================================================================
Received Import Request.
  Time since last request: 105050.738660 seconds.
  path: Assets/Scripts/FactoryCloud.cs
  artifactKey: Guid(fe3de9de85cc0c14793a756a65fcc17a) Importer(815301076,1909f56bfc062723c751e8b465ee728b)
Start importing Assets/Scripts/FactoryCloud.cs using Guid(fe3de9de85cc0c14793a756a65fcc17a) Importer(815301076,1909f56bfc062723c751e8b465ee728b)  -> (artifact id: '8ba5420a1a654f37da49c9f45fa23400') in 0.093771 seconds 
========================================================================
Received Import Request.
  Time since last request: 0.000056 seconds.
  path: Assets/Scripts/EarnData.cs
  artifactKey: Guid(b26d9bd7318150d44bcd6c898864a8ef) Importer(815301076,1909f56bfc062723c751e8b465ee728b)
Start importing Assets/Scripts/EarnData.cs using Guid(b26d9bd7318150d44bcd6c898864a8ef) Importer(815301076,1909f56bfc062723c751e8b465ee728b)  -> (artifact id: '9c4a5b436a041abe160dd2b10c319f35') in 0.014958 seconds 
========================================================================
Received Prepare
Registering precompiled user dll's ...
Registered in 0.012345 seconds.
Begin MonoManager ReloadAssembly
Symbol file data-00000279CCF88CE0 doesn't match image C:\Users\isaac\Documents\GitHub\IXXPs\Project_Cube\Library\ScriptAssemblies\Assembly-CSharp.dll
Symbol file LoadedFromMemory is not a mono symbol file
Symbol file data-00000279CCF88CE0 doesn't match image C:\Users\isaac\Documents\GitHub\IXXPs\Project_Cube\Library\ScriptAssemblies\Purchasing.Common.dll
Symbol file LoadedFromMemory is not a mono symbol file
Symbol file data-00000279CCF88CE0 doesn't match image C:\Users\isaac\Documents\GitHub\IXXPs\Project_Cube\Library\ScriptAssemblies\Unity.VSCode.Editor.dll
Symbol file LoadedFromMemory is not a mono symbol file
Symbol file data-0000027A0E334C60 doesn't match image C:\Users\isaac\Documents\GitHub\IXXPs\Project_Cube\Library\ScriptAssemblies\Unity.2D.Tilemap.Editor.dll
Symbol file LoadedFromMemory is not a mono symbol file
Symbol file data-0000027A0E5A88C0 doesn't match image C:\Users\isaac\Documents\GitHub\IXXPs\Project_Cube\Library\ScriptAssemblies\UnityEngine.Purchasing.dll
Symbol file LoadedFromMemory is not a mono symbol file
Symbol file data-00000279CA1D8C80 doesn't match image C:\Users\isaac\Documents\GitHub\IXXPs\Project_Cube\Library\ScriptAssemblies\UnityEngine.Purchasing.WinRTCore.dll
Symbol file LoadedFromMemory is not a mono symbol file
Symbol file data-0000027A0E334C60 doesn't match image C:\Users\isaac\Documents\GitHub\IXXPs\Project_Cube\Library\ScriptAssemblies\Unity.TextMeshPro.Editor.dll
Symbol file LoadedFromMemory is not a mono symbol file
Symbol file data-00000279CD4F0040 doesn't match image C:\Users\isaac\Documents\GitHub\IXXPs\Project_Cube\Library\ScriptAssemblies\Unity.Services.Core.Telemetry.dll
Symbol file LoadedFromMemory is not a mono symbol file
Symbol file data-00000279CA1D8C80 doesn't match image C:\Users\isaac\Documents\GitHub\IXXPs\Project_Cube\Library\ScriptAssemblies\UnityEngine.Purchasing.AppleMacosStub.dll
Symbol file LoadedFromMemory is not a mono symbol file
Symbol file data-00000279C8D30020 doesn't match image C:\Users\isaac\Documents\GitHub\IXXPs\Project_Cube\Library\ScriptAssemblies\Unity.VisualStudio.Editor.dll
Symbol file LoadedFromMemory is not a mono symbol file
Symbol file data-0000027A0E2E9020 doesn't match image C:\Users\isaac\Documents\GitHub\IXXPs\Project_Cube\Library\ScriptAssemblies\UnityEngine.TestRunner.dll
Symbol file LoadedFromMemory is not a mono symbol file
Symbol file data-0000027A0E334C60 doesn't match image C:\Users\isaac\Documents\GitHub\IXXPs\Project_Cube\Library\ScriptAssemblies\Unity.Timeline.dll
Symbol file LoadedFromMemory is not a mono symbol file
Symbol file data-00000279CD4F0040 doesn't match image C:\Users\isaac\Documents\GitHub\IXXPs\Project_Cube\Library\ScriptAssemblies\Unity.Services.Analytics.Editor.dll
Symbol file LoadedFromMemory is not a mono symbol file
Symbol file data-00000279CBB25040 doesn't match image C:\Users\isaac\Documents\GitHub\IXXPs\Project_Cube\Library\ScriptAssemblies\Unity.TextMeshPro.dll
Symbol file LoadedFromMemory is not a mono symbol file
Symbol file data-00000279CA1D8C80 doesn't match image C:\Users\isaac\Documents\GitHub\IXXPs\Project_Cube\Library\ScriptAssemblies\UnityEngine.Purchasing.SecurityStub.dll
Symbol file LoadedFromMemory is not a mono symbol file
Symbol file data-00000279C8CCDE70 doesn't match image C:\Users\isaac\Documents\GitHub\IXXPs\Project_Cube\Library\ScriptAssemblies\UnityEditor.TestRunner.dll
Symbol file LoadedFromMemory is not a mono symbol file
Symbol file data-00000279CA1D8C80 doesn't match image C:\Users\isaac\Documents\GitHub\IXXPs\Project_Cube\Library\ScriptAssemblies\Unity.Services.Core.Networking.dll
Symbol file LoadedFromMemory is not a mono symbol file
Symbol file data-0000027A0E31A5B0 doesn't match image C:\Users\isaac\Documents\GitHub\IXXPs\Project_Cube\Library\ScriptAssemblies\Unity.Services.Analytics.dll
Symbol file LoadedFromMemory is not a mono symbol file
Symbol file data-0000027A0E334C60 doesn't match image C:\Users\isaac\Documents\GitHub\IXXPs\Project_Cube\Library\ScriptAssemblies\Unity.2D.Sprite.Editor.dll
Symbol file LoadedFromMemory is not a mono symbol file
Symbol file data-0000027A0E5A88C0 doesn't match image C:\Users\isaac\Documents\GitHub\IXXPs\Project_Cube\Library\ScriptAssemblies\UnityEngine.Advertisements.dll
Symbol file LoadedFromMemory is not a mono symbol file
Symbol file data-00000279CCFC8B50 doesn't match image C:\Users\isaac\Documents\GitHub\IXXPs\Project_Cube\Library\ScriptAssemblies\UnityEditor.UI.dll
Symbol file LoadedFromMemory is not a mono symbol file
Symbol file data-00000279C8F85480 doesn't match image C:\Users\isaac\Documents\GitHub\IXXPs\Project_Cube\Library\ScriptAssemblies\Unity.PlasticSCM.Editor.dll
Symbol file LoadedFromMemory is not a mono symbol file
Symbol file data-00000279CCFC8B50 doesn't match image C:\Users\isaac\Documents\GitHub\IXXPs\Project_Cube\Library\ScriptAssemblies\Unity.Rider.Editor.dll
Symbol file LoadedFromMemory is not a mono symbol file
Symbol file data-00000279CA1D8C80 doesn't match image C:\Users\isaac\Documents\GitHub\IXXPs\Project_Cube\Library\ScriptAssemblies\Analytics.dll
Symbol file LoadedFromMemory is not a mono symbol file
Symbol file data-0000027A0E5A88C0 doesn't match image C:\Users\isaac\Documents\GitHub\IXXPs\Project_Cube\Library\ScriptAssemblies\Unity.Services.Core.Internal.dll
Symbol file LoadedFromMemory is not a mono symbol file
Symbol file data-00000279CD118640 doesn't match image C:\Users\isaac\Documents\GitHub\IXXPs\Project_Cube\Library\ScriptAssemblies\UnityEngine.UI.dll
Symbol file LoadedFromMemory is not a mono symbol file
Symbol file data-00000279CD4F0040 doesn't match image C:\Users\isaac\Documents\GitHub\IXXPs\Project_Cube\Library\ScriptAssemblies\UnityEngine.SpatialTracking.dll
Symbol file LoadedFromMemory is not a mono symbol file
Symbol file data-00000279CD4F0040 doesn't match image C:\Users\isaac\Documents\GitHub\IXXPs\Project_Cube\Library\ScriptAssemblies\Unity.Services.Core.Configuration.dll
Symbol file LoadedFromMemory is not a mono symbol file
Symbol file data-00000279CA1D8C80 doesn't match image C:\Users\isaac\Documents\GitHub\IXXPs\Project_Cube\Library\ScriptAssemblies\UnityEngine.Purchasing.WinRTStub.dll
Symbol file LoadedFromMemory is not a mono symbol file
Symbol file data-00000279CA1D8C80 doesn't match image C:\Users\isaac\Documents\GitHub\IXXPs\Project_Cube\Library\ScriptAssemblies\UnityEngine.Purchasing.AppleCore.dll
Symbol file LoadedFromMemory is not a mono symbol file
Symbol file data-00000279CD4F0040 doesn't match image C:\Users\isaac\Documents\GitHub\IXXPs\Project_Cube\Library\ScriptAssemblies\Unity.Services.Core.dll
Symbol file LoadedFromMemory is not a mono symbol file
Symbol file data-00000279CA1D8C80 doesn't match image C:\Users\isaac\Documents\GitHub\IXXPs\Project_Cube\Library\ScriptAssemblies\Unity.Analytics.DataPrivacy.dll
Symbol file LoadedFromMemory is not a mono symbol file
Symbol file data-00000279C9DED010 doesn't match image C:\Users\isaac\Documents\GitHub\IXXPs\Project_Cube\Library\ScriptAssemblies\Unity.Services.Core.Editor.dll
Symbol file LoadedFromMemory is not a mono symbol file
Symbol file data-00000279CD4F0040 doesn't match image C:\Users\isaac\Documents\GitHub\IXXPs\Project_Cube\Library\ScriptAssemblies\Unity.Services.Core.Configuration.Editor.dll
Symbol file LoadedFromMemory is not a mono symbol file
Symbol file data-00000279CA1D8C80 doesn't match image C:\Users\isaac\Documents\GitHub\IXXPs\Project_Cube\Library\ScriptAssemblies\Unity.Services.Core.Analytics.dll
Symbol file LoadedFromMemory is not a mono symbol file
Symbol file data-00000279CA1D8C80 doesn't match image C:\Users\isaac\Documents\GitHub\IXXPs\Project_Cube\Library\ScriptAssemblies\UnityEngine.Purchasing.SecurityCore.dll
Symbol file LoadedFromMemory is not a mono symbol file
Symbol file data-00000279CCE8A960 doesn't match image C:\Users\isaac\Documents\GitHub\IXXPs\Project_Cube\Library\ScriptAssemblies\Unity.Services.Core.Registration.dll
Symbol file LoadedFromMemory is not a mono symbol file
Symbol file data-00000279CCE8A960 doesn't match image C:\Users\isaac\Documents\GitHub\IXXPs\Project_Cube\Library\ScriptAssemblies\UnityEngine.Purchasing.Codeless.dll
Symbol file LoadedFromMemory is not a mono symbol file
Symbol file data-00000279CCF78B10 doesn't match image C:\Users\isaac\Documents\GitHub\IXXPs\Project_Cube\Library\ScriptAssemblies\UnityEngine.XR.LegacyInputHelpers.dll
Symbol file LoadedFromMemory is not a mono symbol file
Symbol file data-00000279CCF78B10 doesn't match image C:\Users\isaac\Documents\GitHub\IXXPs\Project_Cube\Library\ScriptAssemblies\Unity.Services.Core.Environments.dll
Symbol file LoadedFromMemory is not a mono symbol file
Symbol file data-00000279CCF78B10 doesn't match image C:\Users\isaac\Documents\GitHub\IXXPs\Project_Cube\Library\ScriptAssemblies\Unity.Services.Core.Scheduler.dll
Symbol file LoadedFromMemory is not a mono symbol file
Symbol file data-00000279CCF78B10 doesn't match image C:\Users\isaac\Documents\GitHub\IXXPs\Project_Cube\Library\ScriptAssemblies\Unity.Services.Core.Environments.Internal.dll
Symbol file LoadedFromMemory is not a mono symbol file
Symbol file data-00000279C84D2D70 doesn't match image C:\Users\isaac\Documents\GitHub\IXXPs\Project_Cube\Library\ScriptAssemblies\Unity.Timeline.Editor.dll
Symbol file LoadedFromMemory is not a mono symbol file
Symbol file data-00000279C8CCDE70 doesn't match image C:\Users\isaac\Documents\GitHub\IXXPs\Project_Cube\Library\ScriptAssemblies\UnityEngine.Purchasing.Stores.dll
Symbol file LoadedFromMemory is not a mono symbol file
Symbol file data-00000279CD0374F0 doesn't match image C:\Users\isaac\Documents\GitHub\IXXPs\Project_Cube\Library\ScriptAssemblies\UnityEditor.XR.LegacyInputHelpers.dll
Symbol file LoadedFromMemory is not a mono symbol file
Symbol file data-00000279CC22C010 doesn't match image C:\Users\isaac\Documents\GitHub\IXXPs\Project_Cube\Library\ScriptAssemblies\Unity.CollabProxy.Editor.dll
Symbol file LoadedFromMemory is not a mono symbol file
Symbol file data-00000279CCF7CB20 doesn't match image C:\Users\isaac\Documents\GitHub\IXXPs\Project_Cube\Library\ScriptAssemblies\Unity.Services.Core.Threading.dll
Symbol file LoadedFromMemory is not a mono symbol file
Symbol file data-00000279CD0374F0 doesn't match image C:\Users\isaac\Documents\GitHub\IXXPs\Project_Cube\Library\ScriptAssemblies\UnityEngine.Monetization.dll
Symbol file LoadedFromMemory is not a mono symbol file
Symbol file data-00000279CC22C010 doesn't match image C:\Users\isaac\Documents\GitHub\IXXPs\Project_Cube\Library\ScriptAssemblies\UnityEditor.Purchasing.dll
Symbol file LoadedFromMemory is not a mono symbol file
Symbol file data-00000279CCF7CB20 doesn't match image C:\Users\isaac\Documents\GitHub\IXXPs\Project_Cube\Library\ScriptAssemblies\UnityEngine.Purchasing.AppleStub.dll
Symbol file LoadedFromMemory is not a mono symbol file
Symbol file data-00000279CCF7CB20 doesn't match image C:\Users\isaac\Documents\GitHub\IXXPs\Project_Cube\Library\ScriptAssemblies\UnityEditor.SpatialTracking.dll
Symbol file LoadedFromMemory is not a mono symbol file
Symbol file data-00000279CD0374F0 doesn't match image C:\Users\isaac\Documents\GitHub\IXXPs\Project_Cube\Library\ScriptAssemblies\UnityEngine.Advertisements.DevX.Editor.dll
Symbol file LoadedFromMemory is not a mono symbol file
Symbol file data-00000279CD0374F0 doesn't match image C:\Users\isaac\Documents\GitHub\IXXPs\Project_Cube\Library\ScriptAssemblies\UnityEngine.Advertisements.Editor.dll
Symbol file LoadedFromMemory is not a mono symbol file
Symbol file data-00000279CD142050 doesn't match image C:\Users\isaac\Documents\GitHub\IXXPs\Project_Cube\Library\ScriptAssemblies\Unity.Services.Core.Device.dll
Symbol file LoadedFromMemory is not a mono symbol file
Native extension for WindowsStandalone target not found
Refreshing native plugins compatible for Editor in 2.09 ms, found 2 plugins.
Preloading 0 native plugins for Editor in 0.00 ms.
Mono: successfully reloaded assembly
- Completed reload, in  3.246 seconds
Domain Reload Profiling:
	ReloadAssembly (3248ms)
		BeginReloadAssembly (325ms)
			ExecutionOrderSort (0ms)
			DisableScriptedObjects (17ms)
			BackupInstance (0ms)
			ReleaseScriptingObjects (0ms)
			CreateAndSetChildDomain (78ms)
		EndReloadAssembly (2625ms)
			LoadAssemblies (236ms)
			RebuildTransferFunctionScriptingTraits (0ms)
			SetupTypeCache (549ms)
			ReleaseScriptCaches (6ms)
			RebuildScriptCaches (174ms)
			SetupLoadedEditorAssemblies (1490ms)
				LogAssemblyErrors (0ms)
				InitializePlatformSupportModulesInManaged (41ms)
				SetLoadedEditorAssemblies (2ms)
				RefreshPlugins (2ms)
				BeforeProcessingInitializeOnLoad (240ms)
				ProcessInitializeOnLoadAttributes (693ms)
				ProcessInitializeOnLoadMethodAttributes (487ms)
				AfterProcessingInitializeOnLoad (24ms)
				EditorAssembliesLoaded (1ms)
			ExecutionOrderSort2 (0ms)
			AwakeInstancesAfterBackupRestoration (22ms)
Platform modules already initialized, skipping
Refreshing native plugins compatible for Editor in 21.51 ms, found 2 plugins.
Preloading 0 native plugins for Editor in 0.00 ms.
Unloading 2434 Unused Serialized files (Serialized files now loaded: 0)
Unloading 49 unused Assets / (25.7 KB). Loaded Objects now: 2885.
Memory consumption went from 94.4 MB to 94.3 MB.
Total: 23.233200 ms (FindLiveObjects: 0.423800 ms CreateObjectMapping: 0.731400 ms MarkObjects: 21.979800 ms  DeleteObjects: 0.095100 ms)

AssetImportParameters requested are different than current active one (requested -> active):
  custom:video-decoder-ogg-theora: a1e56fd34408186e4bbccfd4996cb3dc -> 
  custom:container-muxer-webm: aa71ff27fc2769a1b78a27578f13a17b -> 
  custom:container-demuxer-webm: 4f35f7cbe854078d1ac9338744f61a02 -> 
  custom:video-encoder-webm-vp8: eb34c28f22e8b96e1ab97ce403110664 -> 
  custom:audio-encoder-webm-vorbis: bf7c407c2cedff20999df2af8eb42d56 -> 
  custom:framework-win-MediaFoundation: 216162199b28c13a410421893ffa2e32 -> 
  custom:container-demuxer-ogg: 62fdf1f143b41e24485cea50d1cbac27 -> 
  custom:video-decoder-webm-vp8: 9c59270c3fd7afecdb556c50c9e8de78 -> 
  custom:audio-decoder-ogg-vorbis: bf7c407c2cedff20999df2af8eb42d56 -> 
========================================================================
Received Prepare
Registering precompiled user dll's ...
Registered in 0.014337 seconds.
Begin MonoManager ReloadAssembly
Native extension for WindowsStandalone target not found
Refreshing native plugins compatible for Editor in 2.07 ms, found 2 plugins.
Preloading 0 native plugins for Editor in 0.00 ms.
Mono: successfully reloaded assembly
- Completed reload, in  2.938 seconds
Domain Reload Profiling:
	ReloadAssembly (2940ms)
		BeginReloadAssembly (406ms)
			ExecutionOrderSort (0ms)
			DisableScriptedObjects (25ms)
			BackupInstance (0ms)
			ReleaseScriptingObjects (0ms)
			CreateAndSetChildDomain (129ms)
		EndReloadAssembly (2229ms)
			LoadAssemblies (247ms)
			RebuildTransferFunctionScriptingTraits (0ms)
			SetupTypeCache (598ms)
			ReleaseScriptCaches (3ms)
			RebuildScriptCaches (128ms)
			SetupLoadedEditorAssemblies (1144ms)
				LogAssemblyErrors (0ms)
				InitializePlatformSupportModulesInManaged (30ms)
				SetLoadedEditorAssemblies (2ms)
				RefreshPlugins (2ms)
				BeforeProcessingInitializeOnLoad (197ms)
				ProcessInitializeOnLoadAttributes (538ms)
				ProcessInitializeOnLoadMethodAttributes (354ms)
				AfterProcessingInitializeOnLoad (20ms)
				EditorAssembliesLoaded (0ms)
			ExecutionOrderSort2 (0ms)
			AwakeInstancesAfterBackupRestoration (15ms)
Platform modules already initialized, skipping
Refreshing native plugins compatible for Editor in 20.92 ms, found 2 plugins.
Preloading 0 native plugins for Editor in 0.00 ms.
Unloading 2434 Unused Serialized files (Serialized files now loaded: 0)
Unloading 49 unused Assets / (25.6 KB). Loaded Objects now: 2888.
Memory consumption went from 94.4 MB to 94.3 MB.
Total: 22.323000 ms (FindLiveObjects: 0.400300 ms CreateObjectMapping: 0.305000 ms MarkObjects: 21.523600 ms  DeleteObjects: 0.090800 ms)

AssetImportParameters requested are different than current active one (requested -> active):
  custom:video-decoder-ogg-theora: a1e56fd34408186e4bbccfd4996cb3dc -> 
  custom:container-muxer-webm: aa71ff27fc2769a1b78a27578f13a17b -> 
  custom:container-demuxer-webm: 4f35f7cbe854078d1ac9338744f61a02 -> 
  custom:video-encoder-webm-vp8: eb34c28f22e8b96e1ab97ce403110664 -> 
  custom:audio-encoder-webm-vorbis: bf7c407c2cedff20999df2af8eb42d56 -> 
  custom:framework-win-MediaFoundation: 216162199b28c13a410421893ffa2e32 -> 
  custom:container-demuxer-ogg: 62fdf1f143b41e24485cea50d1cbac27 -> 
  custom:video-decoder-webm-vp8: 9c59270c3fd7afecdb556c50c9e8de78 -> 
  custom:audio-decoder-ogg-vorbis: bf7c407c2cedff20999df2af8eb42d56 -> 
========================================================================
Received Prepare
Registering precompiled user dll's ...
Registered in 0.014472 seconds.
Begin MonoManager ReloadAssembly
Native extension for WindowsStandalone target not found
Refreshing native plugins compatible for Editor in 1.39 ms, found 2 plugins.
Preloading 0 native plugins for Editor in 0.00 ms.
Mono: successfully reloaded assembly
- Completed reload, in  3.466 seconds
Domain Reload Profiling:
	ReloadAssembly (3468ms)
		BeginReloadAssembly (335ms)
			ExecutionOrderSort (0ms)
			DisableScriptedObjects (23ms)
			BackupInstance (0ms)
			ReleaseScriptingObjects (0ms)
			CreateAndSetChildDomain (83ms)
		EndReloadAssembly (2849ms)
			LoadAssemblies (222ms)
			RebuildTransferFunctionScriptingTraits (0ms)
			SetupTypeCache (620ms)
			ReleaseScriptCaches (4ms)
			RebuildScriptCaches (212ms)
			SetupLoadedEditorAssemblies (1574ms)
				LogAssemblyErrors (0ms)
				InitializePlatformSupportModulesInManaged (47ms)
				SetLoadedEditorAssemblies (1ms)
				RefreshPlugins (2ms)
				BeforeProcessingInitializeOnLoad (272ms)
				ProcessInitializeOnLoadAttributes (710ms)
				ProcessInitializeOnLoadMethodAttributes (508ms)
				AfterProcessingInitializeOnLoad (32ms)
				EditorAssembliesLoaded (1ms)
			ExecutionOrderSort2 (0ms)
			AwakeInstancesAfterBackupRestoration (22ms)
Platform modules already initialized, skipping
Refreshing native plugins compatible for Editor in 46.01 ms, found 2 plugins.
Preloading 0 native plugins for Editor in 0.00 ms.
Unloading 2434 Unused Serialized files (Serialized files now loaded: 0)
Unloading 49 unused Assets / (25.6 KB). Loaded Objects now: 2891.
Memory consumption went from 94.4 MB to 94.3 MB.
Total: 26.964400 ms (FindLiveObjects: 0.479000 ms CreateObjectMapping: 0.378400 ms MarkObjects: 26.001200 ms  DeleteObjects: 0.102700 ms)

AssetImportParameters requested are different than current active one (requested -> active):
  custom:video-decoder-ogg-theora: a1e56fd34408186e4bbccfd4996cb3dc -> 
  custom:container-muxer-webm: aa71ff27fc2769a1b78a27578f13a17b -> 
  custom:container-demuxer-webm: 4f35f7cbe854078d1ac9338744f61a02 -> 
  custom:video-encoder-webm-vp8: eb34c28f22e8b96e1ab97ce403110664 -> 
  custom:audio-encoder-webm-vorbis: bf7c407c2cedff20999df2af8eb42d56 -> 
  custom:framework-win-MediaFoundation: 216162199b28c13a410421893ffa2e32 -> 
  custom:container-demuxer-ogg: 62fdf1f143b41e24485cea50d1cbac27 -> 
  custom:video-decoder-webm-vp8: 9c59270c3fd7afecdb556c50c9e8de78 -> 
  custom:audio-decoder-ogg-vorbis: bf7c407c2cedff20999df2af8eb42d56 -> 
========================================================================
Received Prepare
Registering precompiled user dll's ...
Registered in 0.010721 seconds.
Begin MonoManager ReloadAssembly
Native extension for WindowsStandalone target not found
Refreshing native plugins compatible for Editor in 2.46 ms, found 2 plugins.
Preloading 0 native plugins for Editor in 0.00 ms.
Mono: successfully reloaded assembly
- Completed reload, in  2.348 seconds
Domain Reload Profiling:
	ReloadAssembly (2349ms)
		BeginReloadAssembly (266ms)
			ExecutionOrderSort (0ms)
			DisableScriptedObjects (10ms)
			BackupInstance (0ms)
			ReleaseScriptingObjects (0ms)
			CreateAndSetChildDomain (72ms)
		EndReloadAssembly (1815ms)
			LoadAssemblies (196ms)
			RebuildTransferFunctionScriptingTraits (0ms)
			SetupTypeCache (459ms)
			ReleaseScriptCaches (2ms)
			RebuildScriptCaches (102ms)
			SetupLoadedEditorAssemblies (977ms)
				LogAssemblyErrors (0ms)
				InitializePlatformSupportModulesInManaged (33ms)
				SetLoadedEditorAssemblies (1ms)
				RefreshPlugins (3ms)
				BeforeProcessingInitializeOnLoad (179ms)
				ProcessInitializeOnLoadAttributes (464ms)
				ProcessInitializeOnLoadMethodAttributes (277ms)
				AfterProcessingInitializeOnLoad (19ms)
				EditorAssembliesLoaded (0ms)
			ExecutionOrderSort2 (0ms)
			AwakeInstancesAfterBackupRestoration (14ms)
Platform modules already initialized, skipping
Refreshing native plugins compatible for Editor in 21.26 ms, found 2 plugins.
Preloading 0 native plugins for Editor in 0.00 ms.
Unloading 2434 Unused Serialized files (Serialized files now loaded: 0)
Unloading 49 unused Assets / (25.7 KB). Loaded Objects now: 2894.
Memory consumption went from 94.4 MB to 94.4 MB.
Total: 18.946000 ms (FindLiveObjects: 0.376300 ms CreateObjectMapping: 0.400500 ms MarkObjects: 18.088200 ms  DeleteObjects: 0.078500 ms)

AssetImportParameters requested are different than current active one (requested -> active):
  custom:video-decoder-ogg-theora: a1e56fd34408186e4bbccfd4996cb3dc -> 
  custom:container-muxer-webm: aa71ff27fc2769a1b78a27578f13a17b -> 
  custom:container-demuxer-webm: 4f35f7cbe854078d1ac9338744f61a02 -> 
  custom:video-encoder-webm-vp8: eb34c28f22e8b96e1ab97ce403110664 -> 
  custom:audio-encoder-webm-vorbis: bf7c407c2cedff20999df2af8eb42d56 -> 
  custom:framework-win-MediaFoundation: 216162199b28c13a410421893ffa2e32 -> 
  custom:container-demuxer-ogg: 62fdf1f143b41e24485cea50d1cbac27 -> 
  custom:video-decoder-webm-vp8: 9c59270c3fd7afecdb556c50c9e8de78 -> 
  custom:audio-decoder-ogg-vorbis: bf7c407c2cedff20999df2af8eb42d56 -> 
========================================================================
Received Prepare
Registering precompiled user dll's ...
Registered in 0.010671 seconds.
Begin MonoManager ReloadAssembly
Native extension for WindowsStandalone target not found
Refreshing native plugins compatible for Editor in 1.05 ms, found 2 plugins.
Preloading 0 native plugins for Editor in 0.00 ms.
Mono: successfully reloaded assembly
- Completed reload, in  2.718 seconds
Domain Reload Profiling:
	ReloadAssembly (2720ms)
		BeginReloadAssembly (282ms)
			ExecutionOrderSort (0ms)
			DisableScriptedObjects (19ms)
			BackupInstance (0ms)
			ReleaseScriptingObjects (0ms)
			CreateAndSetChildDomain (71ms)
		EndReloadAssembly (2222ms)
			LoadAssemblies (205ms)
			RebuildTransferFunctionScriptingTraits (0ms)
			SetupTypeCache (451ms)
			ReleaseScriptCaches (2ms)
			RebuildScriptCaches (141ms)
			SetupLoadedEditorAssemblies (1281ms)
				LogAssemblyErrors (0ms)
				InitializePlatformSupportModulesInManaged (31ms)
				SetLoadedEditorAssemblies (1ms)
				RefreshPlugins (1ms)
				BeforeProcessingInitializeOnLoad (206ms)
				ProcessInitializeOnLoadAttributes (604ms)
				ProcessInitializeOnLoadMethodAttributes (411ms)
				AfterProcessingInitializeOnLoad (24ms)
				EditorAssembliesLoaded (3ms)
			ExecutionOrderSort2 (0ms)
			AwakeInstancesAfterBackupRestoration (20ms)
Platform modules already initialized, skipping
Refreshing native plugins compatible for Editor in 16.78 ms, found 2 plugins.
Preloading 0 native plugins for Editor in 0.00 ms.
Unloading 2434 Unused Serialized files (Serialized files now loaded: 0)
Unloading 49 unused Assets / (25.7 KB). Loaded Objects now: 2897.
Memory consumption went from 94.3 MB to 94.3 MB.
Total: 19.389200 ms (FindLiveObjects: 0.452000 ms CreateObjectMapping: 0.373800 ms MarkObjects: 18.462600 ms  DeleteObjects: 0.097700 ms)

AssetImportParameters requested are different than current active one (requested -> active):
  custom:video-decoder-ogg-theora: a1e56fd34408186e4bbccfd4996cb3dc -> 
  custom:container-muxer-webm: aa71ff27fc2769a1b78a27578f13a17b -> 
  custom:container-demuxer-webm: 4f35f7cbe854078d1ac9338744f61a02 -> 
  custom:video-encoder-webm-vp8: eb34c28f22e8b96e1ab97ce403110664 -> 
  custom:audio-encoder-webm-vorbis: bf7c407c2cedff20999df2af8eb42d56 -> 
  custom:framework-win-MediaFoundation: 216162199b28c13a410421893ffa2e32 -> 
  custom:container-demuxer-ogg: 62fdf1f143b41e24485cea50d1cbac27 -> 
  custom:video-decoder-webm-vp8: 9c59270c3fd7afecdb556c50c9e8de78 -> 
  custom:audio-decoder-ogg-vorbis: bf7c407c2cedff20999df2af8eb42d56 -> 
========================================================================
Received Prepare
Registering precompiled user dll's ...
Registered in 0.013018 seconds.
Begin MonoManager ReloadAssembly
Native extension for WindowsStandalone target not found
Refreshing native plugins compatible for Editor in 0.80 ms, found 2 plugins.
Preloading 0 native plugins for Editor in 0.00 ms.
Mono: successfully reloaded assembly
- Completed reload, in  2.090 seconds
Domain Reload Profiling:
	ReloadAssembly (2091ms)
		BeginReloadAssembly (319ms)
			ExecutionOrderSort (0ms)
			DisableScriptedObjects (14ms)
			BackupInstance (0ms)
			ReleaseScriptingObjects (0ms)
			CreateAndSetChildDomain (66ms)
		EndReloadAssembly (1521ms)
			LoadAssemblies (252ms)
			RebuildTransferFunctionScriptingTraits (0ms)
			SetupTypeCache (319ms)
			ReleaseScriptCaches (2ms)
			RebuildScriptCaches (97ms)
			SetupLoadedEditorAssemblies (852ms)
				LogAssemblyErrors (0ms)
				InitializePlatformSupportModulesInManaged (28ms)
				SetLoadedEditorAssemblies (1ms)
				RefreshPlugins (1ms)
				BeforeProcessingInitializeOnLoad (149ms)
				ProcessInitializeOnLoadAttributes (389ms)
				ProcessInitializeOnLoadMethodAttributes (268ms)
				AfterProcessingInitializeOnLoad (15ms)
				EditorAssembliesLoaded (0ms)
			ExecutionOrderSort2 (0ms)
			AwakeInstancesAfterBackupRestoration (12ms)
Platform modules already initialized, skipping
Refreshing native plugins compatible for Editor in 18.97 ms, found 2 plugins.
Preloading 0 native plugins for Editor in 0.00 ms.
Unloading 2434 Unused Serialized files (Serialized files now loaded: 0)
Unloading 49 unused Assets / (25.6 KB). Loaded Objects now: 2900.
Memory consumption went from 94.4 MB to 94.4 MB.
Total: 18.391200 ms (FindLiveObjects: 0.336600 ms CreateObjectMapping: 0.288300 ms MarkObjects: 17.681200 ms  DeleteObjects: 0.082600 ms)

AssetImportParameters requested are different than current active one (requested -> active):
  custom:video-decoder-ogg-theora: a1e56fd34408186e4bbccfd4996cb3dc -> 
  custom:container-muxer-webm: aa71ff27fc2769a1b78a27578f13a17b -> 
  custom:container-demuxer-webm: 4f35f7cbe854078d1ac9338744f61a02 -> 
  custom:video-encoder-webm-vp8: eb34c28f22e8b96e1ab97ce403110664 -> 
  custom:audio-encoder-webm-vorbis: bf7c407c2cedff20999df2af8eb42d56 -> 
  custom:framework-win-MediaFoundation: 216162199b28c13a410421893ffa2e32 -> 
  custom:container-demuxer-ogg: 62fdf1f143b41e24485cea50d1cbac27 -> 
  custom:video-decoder-webm-vp8: 9c59270c3fd7afecdb556c50c9e8de78 -> 
  custom:audio-decoder-ogg-vorbis: bf7c407c2cedff20999df2af8eb42d56 -> 
========================================================================
Received Prepare
Registering precompiled user dll's ...
Registered in 0.011680 seconds.
Begin MonoManager ReloadAssembly
Native extension for WindowsStandalone target not found
Refreshing native plugins compatible for Editor in 2.00 ms, found 2 plugins.
Preloading 0 native plugins for Editor in 0.00 ms.
Mono: successfully reloaded assembly
- Completed reload, in  3.353 seconds
Domain Reload Profiling:
	ReloadAssembly (3354ms)
		BeginReloadAssembly (277ms)
			ExecutionOrderSort (0ms)
			DisableScriptedObjects (14ms)
			BackupInstance (0ms)
			ReleaseScriptingObjects (0ms)
			CreateAndSetChildDomain (63ms)
		EndReloadAssembly (2844ms)
			LoadAssemblies (238ms)
			RebuildTransferFunctionScriptingTraits (0ms)
			SetupTypeCache (668ms)
			ReleaseScriptCaches (4ms)
			RebuildScriptCaches (172ms)
			SetupLoadedEditorAssemblies (1568ms)
				LogAssemblyErrors (0ms)
				InitializePlatformSupportModulesInManaged (39ms)
				SetLoadedEditorAssemblies (2ms)
				RefreshPlugins (2ms)
				BeforeProcessingInitializeOnLoad (229ms)
				ProcessInitializeOnLoadAttributes (714ms)
				ProcessInitializeOnLoadMethodAttributes (556ms)
				AfterProcessingInitializeOnLoad (25ms)
				EditorAssembliesLoaded (1ms)
			ExecutionOrderSort2 (0ms)
			AwakeInstancesAfterBackupRestoration (25ms)
Platform modules already initialized, skipping
Refreshing native plugins compatible for Editor in 31.02 ms, found 2 plugins.
Preloading 0 native plugins for Editor in 0.00 ms.
Unloading 2434 Unused Serialized files (Serialized files now loaded: 0)
Unloading 49 unused Assets / (25.6 KB). Loaded Objects now: 2903.
Memory consumption went from 94.4 MB to 94.4 MB.
Total: 26.835700 ms (FindLiveObjects: 1.870900 ms CreateObjectMapping: 0.917600 ms MarkObjects: 23.920300 ms  DeleteObjects: 0.115300 ms)

AssetImportParameters requested are different than current active one (requested -> active):
  custom:video-decoder-ogg-theora: a1e56fd34408186e4bbccfd4996cb3dc -> 
  custom:container-muxer-webm: aa71ff27fc2769a1b78a27578f13a17b -> 
  custom:container-demuxer-webm: 4f35f7cbe854078d1ac9338744f61a02 -> 
  custom:video-encoder-webm-vp8: eb34c28f22e8b96e1ab97ce403110664 -> 
  custom:audio-encoder-webm-vorbis: bf7c407c2cedff20999df2af8eb42d56 -> 
  custom:framework-win-MediaFoundation: 216162199b28c13a410421893ffa2e32 -> 
  custom:container-demuxer-ogg: 62fdf1f143b41e24485cea50d1cbac27 -> 
  custom:video-decoder-webm-vp8: 9c59270c3fd7afecdb556c50c9e8de78 -> 
  custom:audio-decoder-ogg-vorbis: bf7c407c2cedff20999df2af8eb42d56 -> 
========================================================================
Received Import Request.
  Time since last request: 426.365129 seconds.
  path: Assets/Scripts/TimeSet.cs
  artifactKey: Guid(44f6d6cb4d1474f1f88dbcbf9d223afa) Importer(815301076,1909f56bfc062723c751e8b465ee728b)
Start importing Assets/Scripts/TimeSet.cs using Guid(44f6d6cb4d1474f1f88dbcbf9d223afa) Importer(815301076,1909f56bfc062723c751e8b465ee728b)  -> (artifact id: '568e8ed4ea949ea406f175a727dac4ec') in 0.016464 seconds 
========================================================================
Received Import Request.
  Time since last request: 1.323354 seconds.
  path: Assets/Scripts/Rotate.cs
  artifactKey: Guid(2e5d4ef0515f347a29f3b6765f240f30) Importer(815301076,1909f56bfc062723c751e8b465ee728b)
Start importing Assets/Scripts/Rotate.cs using Guid(2e5d4ef0515f347a29f3b6765f240f30) Importer(815301076,1909f56bfc062723c751e8b465ee728b)  -> (artifact id: 'dd670d1c7d09d00f74c268b0263a0b05') in 0.009820 seconds 
========================================================================
Received Import Request.
  Time since last request: 0.806409 seconds.
  path: Assets/Scripts/GameManager.cs
  artifactKey: Guid(5d58d1b02b52b4d33bc70b57c86dee1f) Importer(815301076,1909f56bfc062723c751e8b465ee728b)
Start importing Assets/Scripts/GameManager.cs using Guid(5d58d1b02b52b4d33bc70b57c86dee1f) Importer(815301076,1909f56bfc062723c751e8b465ee728b)  -> (artifact id: '76f4aa86db352b413eddf02ca079aa1a') in 0.011334 seconds 
========================================================================
Received Import Request.
  Time since last request: 0.826154 seconds.
  path: Assets/Scripts/EXP.cs
  artifactKey: Guid(092cf2909018a144d88529c6191522c4) Importer(815301076,1909f56bfc062723c751e8b465ee728b)
Start importing Assets/Scripts/EXP.cs using Guid(092cf2909018a144d88529c6191522c4) Importer(815301076,1909f56bfc062723c751e8b465ee728b)  -> (artifact id: 'f63d864cda1fa40c3978475f29639cc5') in 0.010295 seconds 
========================================================================
Received Import Request.
  Time since last request: 0.642578 seconds.
  path: Assets/Scripts/Cloud.cs
  artifactKey: Guid(30b12c00d9f714f4284f899beb471f14) Importer(815301076,1909f56bfc062723c751e8b465ee728b)
Start importing Assets/Scripts/Cloud.cs using Guid(30b12c00d9f714f4284f899beb471f14) Importer(815301076,1909f56bfc062723c751e8b465ee728b)  -> (artifact id: '43c872b3d8ec8d0c5406511675dc84de') in 0.013155 seconds 
========================================================================
Received Import Request.
  Time since last request: 0.300185 seconds.
  path: Assets/Scripts/Unit Setting
  artifactKey: Guid(8717b3e9eea642f4c83c82a1db4fe16e) Importer(815301076,1909f56bfc062723c751e8b465ee728b)
Start importing Assets/Scripts/Unit Setting using Guid(8717b3e9eea642f4c83c82a1db4fe16e) Importer(815301076,1909f56bfc062723c751e8b465ee728b)  -> (artifact id: '325df8f8356b81cd91659d6f6df286d5') in 0.009638 seconds 
========================================================================
Received Import Request.
  Time since last request: 0.663376 seconds.
  path: Assets/Scripts/Interactive Thing
  artifactKey: Guid(790781a6995f47446b8698149b8caaf4) Importer(815301076,1909f56bfc062723c751e8b465ee728b)
Start importing Assets/Scripts/Interactive Thing using Guid(790781a6995f47446b8698149b8caaf4) Importer(815301076,1909f56bfc062723c751e8b465ee728b)  -> (artifact id: '0ab1d6341b0cbc7d50e5923bd957f593') in 0.012931 seconds 
========================================================================
Received Import Request.
  Time since last request: 60.864202 seconds.
  path: Assets/Scripts/GameManager.cs
  artifactKey: Guid(5d58d1b02b52b4d33bc70b57c86dee1f) Importer(815301076,1909f56bfc062723c751e8b465ee728b)
Start importing Assets/Scripts/GameManager.cs using Guid(5d58d1b02b52b4d33bc70b57c86dee1f) Importer(815301076,1909f56bfc062723c751e8b465ee728b)  -> (artifact id: '37b4d65a07b00eaa640ab1fd4cd04322') in 0.003941 seconds 
========================================================================
Received Prepare
Registering precompiled user dll's ...
Registered in 0.011982 seconds.
Begin MonoManager ReloadAssembly
Native extension for WindowsStandalone target not found
Refreshing native plugins compatible for Editor in 1.84 ms, found 2 plugins.
Preloading 0 native plugins for Editor in 0.00 ms.
Mono: successfully reloaded assembly
- Completed reload, in  2.930 seconds
Domain Reload Profiling:
	ReloadAssembly (2932ms)
		BeginReloadAssembly (917ms)
			ExecutionOrderSort (0ms)
			DisableScriptedObjects (45ms)
			BackupInstance (0ms)
			ReleaseScriptingObjects (0ms)
			CreateAndSetChildDomain (140ms)
		EndReloadAssembly (1772ms)
			LoadAssemblies (449ms)
			RebuildTransferFunctionScriptingTraits (0ms)
			SetupTypeCache (481ms)
			ReleaseScriptCaches (3ms)
			RebuildScriptCaches (121ms)
			SetupLoadedEditorAssemblies (879ms)
				LogAssemblyErrors (0ms)
				InitializePlatformSupportModulesInManaged (33ms)
				SetLoadedEditorAssemblies (2ms)
				RefreshPlugins (2ms)
				BeforeProcessingInitializeOnLoad (156ms)
				ProcessInitializeOnLoadAttributes (424ms)
				ProcessInitializeOnLoadMethodAttributes (248ms)
				AfterProcessingInitializeOnLoad (15ms)
				EditorAssembliesLoaded (0ms)
			ExecutionOrderSort2 (0ms)
			AwakeInstancesAfterBackupRestoration (12ms)
Platform modules already initialized, skipping
Refreshing native plugins compatible for Editor in 25.75 ms, found 2 plugins.
Preloading 0 native plugins for Editor in 0.00 ms.
Unloading 2434 Unused Serialized files (Serialized files now loaded: 0)
Unloading 49 unused Assets / (25.7 KB). Loaded Objects now: 2906.
Memory consumption went from 94.4 MB to 94.4 MB.
Total: 22.362300 ms (FindLiveObjects: 0.716800 ms CreateObjectMapping: 0.476300 ms MarkObjects: 21.095300 ms  DeleteObjects: 0.071600 ms)

AssetImportParameters requested are different than current active one (requested -> active):
  custom:video-decoder-ogg-theora: a1e56fd34408186e4bbccfd4996cb3dc -> 
  custom:container-muxer-webm: aa71ff27fc2769a1b78a27578f13a17b -> 
  custom:container-demuxer-webm: 4f35f7cbe854078d1ac9338744f61a02 -> 
  custom:video-encoder-webm-vp8: eb34c28f22e8b96e1ab97ce403110664 -> 
  custom:audio-encoder-webm-vorbis: bf7c407c2cedff20999df2af8eb42d56 -> 
  custom:framework-win-MediaFoundation: 216162199b28c13a410421893ffa2e32 -> 
  custom:container-demuxer-ogg: 62fdf1f143b41e24485cea50d1cbac27 -> 
  custom:video-decoder-webm-vp8: 9c59270c3fd7afecdb556c50c9e8de78 -> 
  custom:audio-decoder-ogg-vorbis: bf7c407c2cedff20999df2af8eb42d56 -> 
========================================================================
Received Import Request.
  Time since last request: 25.057110 seconds.
  path: Assets/Scripts/GameManager.cs
  artifactKey: Guid(5d58d1b02b52b4d33bc70b57c86dee1f) Importer(815301076,1909f56bfc062723c751e8b465ee728b)
Start importing Assets/Scripts/GameManager.cs using Guid(5d58d1b02b52b4d33bc70b57c86dee1f) Importer(815301076,1909f56bfc062723c751e8b465ee728b)  -> (artifact id: '57ca65644aef3caa515765d8825cd6a3') in 0.015432 seconds 
========================================================================
Received Prepare
Registering precompiled user dll's ...
Registered in 0.014219 seconds.
Begin MonoManager ReloadAssembly
Native extension for WindowsStandalone target not found
Refreshing native plugins compatible for Editor in 0.98 ms, found 2 plugins.
Preloading 0 native plugins for Editor in 0.00 ms.
Mono: successfully reloaded assembly
- Completed reload, in  2.790 seconds
Domain Reload Profiling:
	ReloadAssembly (2792ms)
		BeginReloadAssembly (292ms)
			ExecutionOrderSort (0ms)
			DisableScriptedObjects (14ms)
			BackupInstance (0ms)
			ReleaseScriptingObjects (0ms)
			CreateAndSetChildDomain (86ms)
		EndReloadAssembly (2289ms)
			LoadAssemblies (201ms)
			RebuildTransferFunctionScriptingTraits (0ms)
			SetupTypeCache (857ms)
			ReleaseScriptCaches (2ms)
			RebuildScriptCaches (240ms)
			SetupLoadedEditorAssemblies (886ms)
				LogAssemblyErrors (0ms)
				InitializePlatformSupportModulesInManaged (21ms)
				SetLoadedEditorAssemblies (1ms)
				RefreshPlugins (1ms)
				BeforeProcessingInitializeOnLoad (149ms)
				ProcessInitializeOnLoadAttributes (410ms)
				ProcessInitializeOnLoadMethodAttributes (285ms)
				AfterProcessingInitializeOnLoad (19ms)
				EditorAssembliesLoaded (0ms)
			ExecutionOrderSort2 (0ms)
			AwakeInstancesAfterBackupRestoration (19ms)
Platform modules already initialized, skipping
Refreshing native plugins compatible for Editor in 19.07 ms, found 2 plugins.
Preloading 0 native plugins for Editor in 0.00 ms.
Unloading 2434 Unused Serialized files (Serialized files now loaded: 0)
Unloading 49 unused Assets / (25.7 KB). Loaded Objects now: 2909.
Memory consumption went from 94.4 MB to 94.4 MB.
Total: 17.846000 ms (FindLiveObjects: 0.370600 ms CreateObjectMapping: 0.262300 ms MarkObjects: 17.142500 ms  DeleteObjects: 0.068400 ms)

AssetImportParameters requested are different than current active one (requested -> active):
  custom:video-decoder-ogg-theora: a1e56fd34408186e4bbccfd4996cb3dc -> 
  custom:container-muxer-webm: aa71ff27fc2769a1b78a27578f13a17b -> 
  custom:container-demuxer-webm: 4f35f7cbe854078d1ac9338744f61a02 -> 
  custom:video-encoder-webm-vp8: eb34c28f22e8b96e1ab97ce403110664 -> 
  custom:audio-encoder-webm-vorbis: bf7c407c2cedff20999df2af8eb42d56 -> 
  custom:framework-win-MediaFoundation: 216162199b28c13a410421893ffa2e32 -> 
  custom:container-demuxer-ogg: 62fdf1f143b41e24485cea50d1cbac27 -> 
  custom:video-decoder-webm-vp8: 9c59270c3fd7afecdb556c50c9e8de78 -> 
  custom:audio-decoder-ogg-vorbis: bf7c407c2cedff20999df2af8eb42d56 -> 
========================================================================
Received Import Request.
  Time since last request: 16.179422 seconds.
  path: Assets/Scripts/GameManager.cs
  artifactKey: Guid(5d58d1b02b52b4d33bc70b57c86dee1f) Importer(815301076,1909f56bfc062723c751e8b465ee728b)
Start importing Assets/Scripts/GameManager.cs using Guid(5d58d1b02b52b4d33bc70b57c86dee1f) Importer(815301076,1909f56bfc062723c751e8b465ee728b)  -> (artifact id: 'c61ac831d3a6e1f8428d27ad71e4ed9b') in 0.013274 seconds 
========================================================================
Received Prepare
Registering precompiled user dll's ...
Registered in 0.012530 seconds.
Begin MonoManager ReloadAssembly
Native extension for WindowsStandalone target not found
Refreshing native plugins compatible for Editor in 1.50 ms, found 2 plugins.
Preloading 0 native plugins for Editor in 0.00 ms.
Mono: successfully reloaded assembly
- Completed reload, in  2.549 seconds
Domain Reload Profiling:
	ReloadAssembly (2551ms)
		BeginReloadAssembly (280ms)
			ExecutionOrderSort (0ms)
			DisableScriptedObjects (16ms)
			BackupInstance (0ms)
			ReleaseScriptingObjects (0ms)
			CreateAndSetChildDomain (64ms)
		EndReloadAssembly (1962ms)
			LoadAssemblies (201ms)
			RebuildTransferFunctionScriptingTraits (0ms)
			SetupTypeCache (488ms)
			ReleaseScriptCaches (2ms)
			RebuildScriptCaches (121ms)
			SetupLoadedEditorAssemblies (1036ms)
				LogAssemblyErrors (0ms)
				InitializePlatformSupportModulesInManaged (28ms)
				SetLoadedEditorAssemblies (1ms)
				RefreshPlugins (2ms)
				BeforeProcessingInitializeOnLoad (213ms)
				ProcessInitializeOnLoadAttributes (426ms)
				ProcessInitializeOnLoadMethodAttributes (341ms)
				AfterProcessingInitializeOnLoad (27ms)
				EditorAssembliesLoaded (0ms)
			ExecutionOrderSort2 (0ms)
			AwakeInstancesAfterBackupRestoration (16ms)
Platform modules already initialized, skipping
Refreshing native plugins compatible for Editor in 17.73 ms, found 2 plugins.
Preloading 0 native plugins for Editor in 0.00 ms.
Unloading 2434 Unused Serialized files (Serialized files now loaded: 0)
Unloading 49 unused Assets / (25.7 KB). Loaded Objects now: 2912.
Memory consumption went from 94.3 MB to 94.3 MB.
Total: 17.905800 ms (FindLiveObjects: 0.335500 ms CreateObjectMapping: 0.249400 ms MarkObjects: 17.243900 ms  DeleteObjects: 0.074600 ms)

AssetImportParameters requested are different than current active one (requested -> active):
  custom:video-decoder-ogg-theora: a1e56fd34408186e4bbccfd4996cb3dc -> 
  custom:container-muxer-webm: aa71ff27fc2769a1b78a27578f13a17b -> 
  custom:container-demuxer-webm: 4f35f7cbe854078d1ac9338744f61a02 -> 
  custom:video-encoder-webm-vp8: eb34c28f22e8b96e1ab97ce403110664 -> 
  custom:audio-encoder-webm-vorbis: bf7c407c2cedff20999df2af8eb42d56 -> 
  custom:framework-win-MediaFoundation: 216162199b28c13a410421893ffa2e32 -> 
  custom:container-demuxer-ogg: 62fdf1f143b41e24485cea50d1cbac27 -> 
  custom:video-decoder-webm-vp8: 9c59270c3fd7afecdb556c50c9e8de78 -> 
  custom:audio-decoder-ogg-vorbis: bf7c407c2cedff20999df2af8eb42d56 -> 
========================================================================
Received Prepare
Registering precompiled user dll's ...
Registered in 0.016314 seconds.
Begin MonoManager ReloadAssembly
Native extension for WindowsStandalone target not found
Refreshing native plugins compatible for Editor in 2.83 ms, found 2 plugins.
Preloading 0 native plugins for Editor in 0.00 ms.
Mono: successfully reloaded assembly
- Completed reload, in  3.310 seconds
Domain Reload Profiling:
	ReloadAssembly (3312ms)
		BeginReloadAssembly (270ms)
			ExecutionOrderSort (0ms)
			DisableScriptedObjects (14ms)
			BackupInstance (0ms)
			ReleaseScriptingObjects (0ms)
			CreateAndSetChildDomain (84ms)
		EndReloadAssembly (2788ms)
			LoadAssemblies (169ms)
			RebuildTransferFunctionScriptingTraits (0ms)
			SetupTypeCache (572ms)
			ReleaseScriptCaches (3ms)
			RebuildScriptCaches (192ms)
			SetupLoadedEditorAssemblies (1614ms)
				LogAssemblyErrors (0ms)
				InitializePlatformSupportModulesInManaged (46ms)
				SetLoadedEditorAssemblies (1ms)
				RefreshPlugins (3ms)
				BeforeProcessingInitializeOnLoad (238ms)
				ProcessInitializeOnLoadAttributes (723ms)
				ProcessInitializeOnLoadMethodAttributes (570ms)
				AfterProcessingInitializeOnLoad (31ms)
				EditorAssembliesLoaded (0ms)
			ExecutionOrderSort2 (0ms)
			AwakeInstancesAfterBackupRestoration (26ms)
Platform modules already initialized, skipping
Refreshing native plugins compatible for Editor in 32.43 ms, found 2 plugins.
Preloading 0 native plugins for Editor in 0.00 ms.
Unloading 2434 Unused Serialized files (Serialized files now loaded: 0)
Unloading 49 unused Assets / (25.6 KB). Loaded Objects now: 2915.
Memory consumption went from 94.4 MB to 94.4 MB.
Total: 31.069600 ms (FindLiveObjects: 0.515500 ms CreateObjectMapping: 0.507800 ms MarkObjects: 29.967800 ms  DeleteObjects: 0.075700 ms)

AssetImportParameters requested are different than current active one (requested -> active):
  custom:video-decoder-ogg-theora: a1e56fd34408186e4bbccfd4996cb3dc -> 
  custom:container-muxer-webm: aa71ff27fc2769a1b78a27578f13a17b -> 
  custom:container-demuxer-webm: 4f35f7cbe854078d1ac9338744f61a02 -> 
  custom:video-encoder-webm-vp8: eb34c28f22e8b96e1ab97ce403110664 -> 
  custom:audio-encoder-webm-vorbis: bf7c407c2cedff20999df2af8eb42d56 -> 
  custom:framework-win-MediaFoundation: 216162199b28c13a410421893ffa2e32 -> 
  custom:container-demuxer-ogg: 62fdf1f143b41e24485cea50d1cbac27 -> 
  custom:video-decoder-webm-vp8: 9c59270c3fd7afecdb556c50c9e8de78 -> 
  custom:audio-decoder-ogg-vorbis: bf7c407c2cedff20999df2af8eb42d56 -> 
========================================================================
Received Prepare
Registering precompiled user dll's ...
Registered in 0.012421 seconds.
Begin MonoManager ReloadAssembly
Native extension for WindowsStandalone target not found
Refreshing native plugins compatible for Editor in 2.94 ms, found 2 plugins.
Preloading 0 native plugins for Editor in 0.00 ms.
Mono: successfully reloaded assembly
- Completed reload, in  2.583 seconds
Domain Reload Profiling:
	ReloadAssembly (2584ms)
		BeginReloadAssembly (823ms)
			ExecutionOrderSort (0ms)
			DisableScriptedObjects (22ms)
			BackupInstance (0ms)
			ReleaseScriptingObjects (0ms)
			CreateAndSetChildDomain (114ms)
		EndReloadAssembly (1541ms)
			LoadAssemblies (473ms)
			RebuildTransferFunctionScriptingTraits (0ms)
			SetupTypeCache (383ms)
			ReleaseScriptCaches (2ms)
			RebuildScriptCaches (101ms)
			SetupLoadedEditorAssemblies (812ms)
				LogAssemblyErrors (0ms)
				InitializePlatformSupportModulesInManaged (23ms)
				SetLoadedEditorAssemblies (1ms)
				RefreshPlugins (3ms)
				BeforeProcessingInitializeOnLoad (157ms)
				ProcessInitializeOnLoadAttributes (366ms)
				ProcessInitializeOnLoadMethodAttributes (242ms)
				AfterProcessingInitializeOnLoad (19ms)
				EditorAssembliesLoaded (0ms)
			ExecutionOrderSort2 (0ms)
			AwakeInstancesAfterBackupRestoration (11ms)
Platform modules already initialized, skipping
Refreshing native plugins compatible for Editor in 139.10 ms, found 2 plugins.
Preloading 0 native plugins for Editor in 0.00 ms.
Unloading 2434 Unused Serialized files (Serialized files now loaded: 0)
Unloading 49 unused Assets / (25.7 KB). Loaded Objects now: 2918.
Memory consumption went from 94.4 MB to 94.4 MB.
Total: 24.227800 ms (FindLiveObjects: 0.359100 ms CreateObjectMapping: 0.270900 ms MarkObjects: 23.518200 ms  DeleteObjects: 0.077000 ms)

AssetImportParameters requested are different than current active one (requested -> active):
  custom:video-decoder-ogg-theora: a1e56fd34408186e4bbccfd4996cb3dc -> 
  custom:container-muxer-webm: aa71ff27fc2769a1b78a27578f13a17b -> 
  custom:container-demuxer-webm: 4f35f7cbe854078d1ac9338744f61a02 -> 
  custom:video-encoder-webm-vp8: eb34c28f22e8b96e1ab97ce403110664 -> 
  custom:audio-encoder-webm-vorbis: bf7c407c2cedff20999df2af8eb42d56 -> 
  custom:framework-win-MediaFoundation: 216162199b28c13a410421893ffa2e32 -> 
  custom:container-demuxer-ogg: 62fdf1f143b41e24485cea50d1cbac27 -> 
  custom:video-decoder-webm-vp8: 9c59270c3fd7afecdb556c50c9e8de78 -> 
  custom:audio-decoder-ogg-vorbis: bf7c407c2cedff20999df2af8eb42d56 -> 
========================================================================
Received Prepare
Registering precompiled user dll's ...
Registered in 0.016776 seconds.
Begin MonoManager ReloadAssembly
Native extension for WindowsStandalone target not found
Refreshing native plugins compatible for Editor in 1.39 ms, found 2 plugins.
Preloading 0 native plugins for Editor in 0.00 ms.
Mono: successfully reloaded assembly
- Completed reload, in  2.688 seconds
Domain Reload Profiling:
	ReloadAssembly (2690ms)
		BeginReloadAssembly (274ms)
			ExecutionOrderSort (0ms)
			DisableScriptedObjects (25ms)
			BackupInstance (0ms)
			ReleaseScriptingObjects (0ms)
			CreateAndSetChildDomain (66ms)
		EndReloadAssembly (2196ms)
			LoadAssemblies (181ms)
			RebuildTransferFunctionScriptingTraits (0ms)
			SetupTypeCache (317ms)
			ReleaseScriptCaches (2ms)
			RebuildScriptCaches (222ms)
			SetupLoadedEditorAssemblies (1319ms)
				LogAssemblyErrors (0ms)
				InitializePlatformSupportModulesInManaged (49ms)
				SetLoadedEditorAssemblies (1ms)
				RefreshPlugins (2ms)
				BeforeProcessingInitializeOnLoad (472ms)
				ProcessInitializeOnLoadAttributes (516ms)
				ProcessInitializeOnLoadMethodAttributes (260ms)
				AfterProcessingInitializeOnLoad (18ms)
				EditorAssembliesLoaded (1ms)
			ExecutionOrderSort2 (0ms)
			AwakeInstancesAfterBackupRestoration (13ms)
Platform modules already initialized, skipping
Refreshing native plugins compatible for Editor in 22.27 ms, found 2 plugins.
Preloading 0 native plugins for Editor in 0.00 ms.
Unloading 2434 Unused Serialized files (Serialized files now loaded: 0)
Unloading 49 unused Assets / (25.7 KB). Loaded Objects now: 2921.
Memory consumption went from 94.5 MB to 94.4 MB.
Total: 33.107500 ms (FindLiveObjects: 0.689000 ms CreateObjectMapping: 0.411200 ms MarkObjects: 31.925300 ms  DeleteObjects: 0.079700 ms)

AssetImportParameters requested are different than current active one (requested -> active):
  custom:video-decoder-ogg-theora: a1e56fd34408186e4bbccfd4996cb3dc -> 
  custom:container-muxer-webm: aa71ff27fc2769a1b78a27578f13a17b -> 
  custom:container-demuxer-webm: 4f35f7cbe854078d1ac9338744f61a02 -> 
  custom:video-encoder-webm-vp8: eb34c28f22e8b96e1ab97ce403110664 -> 
  custom:audio-encoder-webm-vorbis: bf7c407c2cedff20999df2af8eb42d56 -> 
  custom:framework-win-MediaFoundation: 216162199b28c13a410421893ffa2e32 -> 
  custom:container-demuxer-ogg: 62fdf1f143b41e24485cea50d1cbac27 -> 
  custom:video-decoder-webm-vp8: 9c59270c3fd7afecdb556c50c9e8de78 -> 
  custom:audio-decoder-ogg-vorbis: bf7c407c2cedff20999df2af8eb42d56 -> 
========================================================================
Received Prepare
Registering precompiled user dll's ...
Registered in 0.014483 seconds.
Begin MonoManager ReloadAssembly
Native extension for WindowsStandalone target not found
Refreshing native plugins compatible for Editor in 1.23 ms, found 2 plugins.
Preloading 0 native plugins for Editor in 0.00 ms.
Mono: successfully reloaded assembly
- Completed reload, in  2.663 seconds
Domain Reload Profiling:
	ReloadAssembly (2669ms)
		BeginReloadAssembly (258ms)
			ExecutionOrderSort (0ms)
			DisableScriptedObjects (13ms)
			BackupInstance (0ms)
			ReleaseScriptingObjects (0ms)
			CreateAndSetChildDomain (68ms)
		EndReloadAssembly (2212ms)
			LoadAssemblies (181ms)
			RebuildTransferFunctionScriptingTraits (0ms)
			SetupTypeCache (435ms)
			ReleaseScriptCaches (3ms)
			RebuildScriptCaches (164ms)
			SetupLoadedEditorAssemblies (1259ms)
				LogAssemblyErrors (0ms)
				InitializePlatformSupportModulesInManaged (42ms)
				SetLoadedEditorAssemblies (1ms)
				RefreshPlugins (1ms)
				BeforeProcessingInitializeOnLoad (200ms)
				ProcessInitializeOnLoadAttributes (592ms)
				ProcessInitializeOnLoadMethodAttributes (397ms)
				AfterProcessingInitializeOnLoad (23ms)
				EditorAssembliesLoaded (0ms)
			ExecutionOrderSort2 (0ms)
			AwakeInstancesAfterBackupRestoration (16ms)
Platform modules already initialized, skipping
Refreshing native plugins compatible for Editor in 26.25 ms, found 2 plugins.
Preloading 0 native plugins for Editor in 0.00 ms.
Unloading 2434 Unused Serialized files (Serialized files now loaded: 0)
Unloading 49 unused Assets / (25.6 KB). Loaded Objects now: 2924.
Memory consumption went from 94.5 MB to 94.4 MB.
Total: 19.689700 ms (FindLiveObjects: 0.405600 ms CreateObjectMapping: 0.315600 ms MarkObjects: 18.873400 ms  DeleteObjects: 0.091700 ms)

AssetImportParameters requested are different than current active one (requested -> active):
  custom:video-decoder-ogg-theora: a1e56fd34408186e4bbccfd4996cb3dc -> 
  custom:container-muxer-webm: aa71ff27fc2769a1b78a27578f13a17b -> 
  custom:container-demuxer-webm: 4f35f7cbe854078d1ac9338744f61a02 -> 
  custom:video-encoder-webm-vp8: eb34c28f22e8b96e1ab97ce403110664 -> 
  custom:audio-encoder-webm-vorbis: bf7c407c2cedff20999df2af8eb42d56 -> 
  custom:framework-win-MediaFoundation: 216162199b28c13a410421893ffa2e32 -> 
  custom:container-demuxer-ogg: 62fdf1f143b41e24485cea50d1cbac27 -> 
  custom:video-decoder-webm-vp8: 9c59270c3fd7afecdb556c50c9e8de78 -> 
  custom:audio-decoder-ogg-vorbis: bf7c407c2cedff20999df2af8eb42d56 -> 
========================================================================
Received Prepare
Registering precompiled user dll's ...
Registered in 0.012574 seconds.
Begin MonoManager ReloadAssembly
Native extension for WindowsStandalone target not found
Refreshing native plugins compatible for Editor in 0.96 ms, found 2 plugins.
Preloading 0 native plugins for Editor in 0.00 ms.
Mono: successfully reloaded assembly
- Completed reload, in  2.384 seconds
Domain Reload Profiling:
	ReloadAssembly (2386ms)
		BeginReloadAssembly (280ms)
			ExecutionOrderSort (0ms)
			DisableScriptedObjects (17ms)
			BackupInstance (0ms)
			ReleaseScriptingObjects (0ms)
			CreateAndSetChildDomain (64ms)
		EndReloadAssembly (1856ms)
			LoadAssemblies (223ms)
			RebuildTransferFunctionScriptingTraits (0ms)
			SetupTypeCache (439ms)
			ReleaseScriptCaches (4ms)
			RebuildScriptCaches (93ms)
			SetupLoadedEditorAssemblies (1046ms)
				LogAssemblyErrors (0ms)
				InitializePlatformSupportModulesInManaged (23ms)
				SetLoadedEditorAssemblies (1ms)
				RefreshPlugins (1ms)
				BeforeProcessingInitializeOnLoad (178ms)
				ProcessInitializeOnLoadAttributes (560ms)
				ProcessInitializeOnLoadMethodAttributes (269ms)
				AfterProcessingInitializeOnLoad (13ms)
				EditorAssembliesLoaded (0ms)
			ExecutionOrderSort2 (0ms)
			AwakeInstancesAfterBackupRestoration (13ms)
Platform modules already initialized, skipping
Refreshing native plugins compatible for Editor in 15.95 ms, found 2 plugins.
Preloading 0 native plugins for Editor in 0.00 ms.
Unloading 2434 Unused Serialized files (Serialized files now loaded: 0)
Unloading 49 unused Assets / (25.6 KB). Loaded Objects now: 2927.
Memory consumption went from 94.4 MB to 94.3 MB.
Total: 17.835200 ms (FindLiveObjects: 0.340600 ms CreateObjectMapping: 0.272200 ms MarkObjects: 17.139400 ms  DeleteObjects: 0.080100 ms)

AssetImportParameters requested are different than current active one (requested -> active):
  custom:video-decoder-ogg-theora: a1e56fd34408186e4bbccfd4996cb3dc -> 
  custom:container-muxer-webm: aa71ff27fc2769a1b78a27578f13a17b -> 
  custom:container-demuxer-webm: 4f35f7cbe854078d1ac9338744f61a02 -> 
  custom:video-encoder-webm-vp8: eb34c28f22e8b96e1ab97ce403110664 -> 
  custom:audio-encoder-webm-vorbis: bf7c407c2cedff20999df2af8eb42d56 -> 
  custom:framework-win-MediaFoundation: 216162199b28c13a410421893ffa2e32 -> 
  custom:container-demuxer-ogg: 62fdf1f143b41e24485cea50d1cbac27 -> 
  custom:video-decoder-webm-vp8: 9c59270c3fd7afecdb556c50c9e8de78 -> 
  custom:audio-decoder-ogg-vorbis: bf7c407c2cedff20999df2af8eb42d56 -> 
========================================================================
Received Prepare
Registering precompiled user dll's ...
Registered in 0.012067 seconds.
Begin MonoManager ReloadAssembly
Native extension for WindowsStandalone target not found
Refreshing native plugins compatible for Editor in 2.08 ms, found 2 plugins.
Preloading 0 native plugins for Editor in 0.00 ms.
Mono: successfully reloaded assembly
- Completed reload, in  2.582 seconds
Domain Reload Profiling:
	ReloadAssembly (2583ms)
		BeginReloadAssembly (244ms)
			ExecutionOrderSort (0ms)
			DisableScriptedObjects (14ms)
			BackupInstance (0ms)
			ReleaseScriptingObjects (0ms)
			CreateAndSetChildDomain (73ms)
		EndReloadAssembly (2158ms)
			LoadAssemblies (166ms)
			RebuildTransferFunctionScriptingTraits (0ms)
			SetupTypeCache (413ms)
			ReleaseScriptCaches (3ms)
			RebuildScriptCaches (158ms)
			SetupLoadedEditorAssemblies (1244ms)
				LogAssemblyErrors (0ms)
				InitializePlatformSupportModulesInManaged (41ms)
				SetLoadedEditorAssemblies (2ms)
				RefreshPlugins (2ms)
				BeforeProcessingInitializeOnLoad (209ms)
				ProcessInitializeOnLoadAttributes (563ms)
				ProcessInitializeOnLoadMethodAttributes (401ms)
				AfterProcessingInitializeOnLoad (26ms)
				EditorAssembliesLoaded (1ms)
			ExecutionOrderSort2 (0ms)
			AwakeInstancesAfterBackupRestoration (20ms)
Platform modules already initialized, skipping
Refreshing native plugins compatible for Editor in 23.59 ms, found 2 plugins.
Preloading 0 native plugins for Editor in 0.00 ms.
Unloading 2434 Unused Serialized files (Serialized files now loaded: 0)
Unloading 49 unused Assets / (25.6 KB). Loaded Objects now: 2930.
Memory consumption went from 94.5 MB to 94.4 MB.
Total: 22.648100 ms (FindLiveObjects: 0.524500 ms CreateObjectMapping: 0.724200 ms MarkObjects: 21.288700 ms  DeleteObjects: 0.107300 ms)

AssetImportParameters requested are different than current active one (requested -> active):
  custom:video-decoder-ogg-theora: a1e56fd34408186e4bbccfd4996cb3dc -> 
  custom:container-muxer-webm: aa71ff27fc2769a1b78a27578f13a17b -> 
  custom:container-demuxer-webm: 4f35f7cbe854078d1ac9338744f61a02 -> 
  custom:video-encoder-webm-vp8: eb34c28f22e8b96e1ab97ce403110664 -> 
  custom:audio-encoder-webm-vorbis: bf7c407c2cedff20999df2af8eb42d56 -> 
  custom:framework-win-MediaFoundation: 216162199b28c13a410421893ffa2e32 -> 
  custom:container-demuxer-ogg: 62fdf1f143b41e24485cea50d1cbac27 -> 
  custom:video-decoder-webm-vp8: 9c59270c3fd7afecdb556c50c9e8de78 -> 
  custom:audio-decoder-ogg-vorbis: bf7c407c2cedff20999df2af8eb42d56 -> 
========================================================================
Received Prepare
Registering precompiled user dll's ...
Registered in 0.014039 seconds.
Begin MonoManager ReloadAssembly
Native extension for WindowsStandalone target not found
Refreshing native plugins compatible for Editor in 1.12 ms, found 2 plugins.
Preloading 0 native plugins for Editor in 0.00 ms.
Mono: successfully reloaded assembly
- Completed reload, in  2.891 seconds
Domain Reload Profiling:
	ReloadAssembly (2892ms)
		BeginReloadAssembly (336ms)
			ExecutionOrderSort (0ms)
			DisableScriptedObjects (16ms)
			BackupInstance (0ms)
			ReleaseScriptingObjects (0ms)
			CreateAndSetChildDomain (83ms)
		EndReloadAssembly (2270ms)
			LoadAssemblies (241ms)
			RebuildTransferFunctionScriptingTraits (0ms)
			SetupTypeCache (492ms)
			ReleaseScriptCaches (4ms)
			RebuildScriptCaches (151ms)
			SetupLoadedEditorAssemblies (1267ms)
				LogAssemblyErrors (0ms)
				InitializePlatformSupportModulesInManaged (38ms)
				SetLoadedEditorAssemblies (1ms)
				RefreshPlugins (1ms)
				BeforeProcessingInitializeOnLoad (194ms)
				ProcessInitializeOnLoadAttributes (609ms)
				ProcessInitializeOnLoadMethodAttributes (398ms)
				AfterProcessingInitializeOnLoad (25ms)
				EditorAssembliesLoaded (1ms)
			ExecutionOrderSort2 (0ms)
			AwakeInstancesAfterBackupRestoration (15ms)
Platform modules already initialized, skipping
Refreshing native plugins compatible for Editor in 18.79 ms, found 2 plugins.
Preloading 0 native plugins for Editor in 0.00 ms.
Unloading 2434 Unused Serialized files (Serialized files now loaded: 0)
Unloading 49 unused Assets / (25.6 KB). Loaded Objects now: 2933.
Memory consumption went from 94.5 MB to 94.5 MB.
Total: 21.528900 ms (FindLiveObjects: 0.835000 ms CreateObjectMapping: 0.514900 ms MarkObjects: 20.046600 ms  DeleteObjects: 0.129100 ms)

AssetImportParameters requested are different than current active one (requested -> active):
  custom:video-decoder-ogg-theora: a1e56fd34408186e4bbccfd4996cb3dc -> 
  custom:container-muxer-webm: aa71ff27fc2769a1b78a27578f13a17b -> 
  custom:container-demuxer-webm: 4f35f7cbe854078d1ac9338744f61a02 -> 
  custom:video-encoder-webm-vp8: eb34c28f22e8b96e1ab97ce403110664 -> 
  custom:audio-encoder-webm-vorbis: bf7c407c2cedff20999df2af8eb42d56 -> 
  custom:framework-win-MediaFoundation: 216162199b28c13a410421893ffa2e32 -> 
  custom:container-demuxer-ogg: 62fdf1f143b41e24485cea50d1cbac27 -> 
  custom:video-decoder-webm-vp8: 9c59270c3fd7afecdb556c50c9e8de78 -> 
  custom:audio-decoder-ogg-vorbis: bf7c407c2cedff20999df2af8eb42d56 -> 
========================================================================
Received Prepare
Registering precompiled user dll's ...
Registered in 0.021421 seconds.
Begin MonoManager ReloadAssembly
Native extension for WindowsStandalone target not found
Refreshing native plugins compatible for Editor in 1.98 ms, found 2 plugins.
Preloading 0 native plugins for Editor in 0.00 ms.
Mono: successfully reloaded assembly
- Completed reload, in  3.401 seconds
Domain Reload Profiling:
	ReloadAssembly (3403ms)
		BeginReloadAssembly (345ms)
			ExecutionOrderSort (0ms)
			DisableScriptedObjects (21ms)
			BackupInstance (0ms)
			ReleaseScriptingObjects (0ms)
			CreateAndSetChildDomain (85ms)
		EndReloadAssembly (2791ms)
			LoadAssemblies (243ms)
			RebuildTransferFunctionScriptingTraits (0ms)
			SetupTypeCache (442ms)
			ReleaseScriptCaches (3ms)
			RebuildScriptCaches (113ms)
			SetupLoadedEditorAssemblies (1916ms)
				LogAssemblyErrors (0ms)
				InitializePlatformSupportModulesInManaged (48ms)
				SetLoadedEditorAssemblies (1ms)
				RefreshPlugins (2ms)
				BeforeProcessingInitializeOnLoad (189ms)
				ProcessInitializeOnLoadAttributes (1252ms)
				ProcessInitializeOnLoadMethodAttributes (404ms)
				AfterProcessingInitializeOnLoad (20ms)
				EditorAssembliesLoaded (1ms)
			ExecutionOrderSort2 (0ms)
			AwakeInstancesAfterBackupRestoration (21ms)
Platform modules already initialized, skipping
Refreshing native plugins compatible for Editor in 20.93 ms, found 2 plugins.
Preloading 0 native plugins for Editor in 0.00 ms.
Unloading 2434 Unused Serialized files (Serialized files now loaded: 0)
Unloading 49 unused Assets / (25.6 KB). Loaded Objects now: 2936.
Memory consumption went from 94.5 MB to 94.5 MB.
Total: 49.960100 ms (FindLiveObjects: 0.541800 ms CreateObjectMapping: 1.044300 ms MarkObjects: 48.282500 ms  DeleteObjects: 0.088600 ms)

AssetImportParameters requested are different than current active one (requested -> active):
  custom:video-decoder-ogg-theora: a1e56fd34408186e4bbccfd4996cb3dc -> 
  custom:container-muxer-webm: aa71ff27fc2769a1b78a27578f13a17b -> 
  custom:container-demuxer-webm: 4f35f7cbe854078d1ac9338744f61a02 -> 
  custom:video-encoder-webm-vp8: eb34c28f22e8b96e1ab97ce403110664 -> 
  custom:audio-encoder-webm-vorbis: bf7c407c2cedff20999df2af8eb42d56 -> 
  custom:framework-win-MediaFoundation: 216162199b28c13a410421893ffa2e32 -> 
  custom:container-demuxer-ogg: 62fdf1f143b41e24485cea50d1cbac27 -> 
  custom:video-decoder-webm-vp8: 9c59270c3fd7afecdb556c50c9e8de78 -> 
  custom:audio-decoder-ogg-vorbis: bf7c407c2cedff20999df2af8eb42d56 -> 
========================================================================
Received Prepare
Registering precompiled user dll's ...
Registered in 0.020167 seconds.
Begin MonoManager ReloadAssembly
Native extension for WindowsStandalone target not found
Refreshing native plugins compatible for Editor in 3.49 ms, found 2 plugins.
Preloading 0 native plugins for Editor in 0.00 ms.
Mono: successfully reloaded assembly
- Completed reload, in  3.005 seconds
Domain Reload Profiling:
	ReloadAssembly (3007ms)
		BeginReloadAssembly (322ms)
			ExecutionOrderSort (0ms)
			DisableScriptedObjects (24ms)
			BackupInstance (0ms)
			ReleaseScriptingObjects (0ms)
			CreateAndSetChildDomain (83ms)
		EndReloadAssembly (2345ms)
			LoadAssemblies (236ms)
			RebuildTransferFunctionScriptingTraits (0ms)
			SetupTypeCache (608ms)
			ReleaseScriptCaches (2ms)
			RebuildScriptCaches (130ms)
			SetupLoadedEditorAssemblies (1238ms)
				LogAssemblyErrors (0ms)
				InitializePlatformSupportModulesInManaged (33ms)
				SetLoadedEditorAssemblies (2ms)
				RefreshPlugins (4ms)
				BeforeProcessingInitializeOnLoad (197ms)
				ProcessInitializeOnLoadAttributes (604ms)
				ProcessInitializeOnLoadMethodAttributes (372ms)
				AfterProcessingInitializeOnLoad (26ms)
				EditorAssembliesLoaded (1ms)
			ExecutionOrderSort2 (0ms)
			AwakeInstancesAfterBackupRestoration (17ms)
Platform modules already initialized, skipping
Refreshing native plugins compatible for Editor in 20.63 ms, found 2 plugins.
Preloading 0 native plugins for Editor in 0.00 ms.
Unloading 2434 Unused Serialized files (Serialized files now loaded: 0)
Unloading 49 unused Assets / (25.7 KB). Loaded Objects now: 2939.
Memory consumption went from 94.5 MB to 94.5 MB.
Total: 24.274000 ms (FindLiveObjects: 0.384500 ms CreateObjectMapping: 0.296800 ms MarkObjects: 23.511600 ms  DeleteObjects: 0.078400 ms)

AssetImportParameters requested are different than current active one (requested -> active):
  custom:video-decoder-ogg-theora: a1e56fd34408186e4bbccfd4996cb3dc -> 
  custom:container-muxer-webm: aa71ff27fc2769a1b78a27578f13a17b -> 
  custom:container-demuxer-webm: 4f35f7cbe854078d1ac9338744f61a02 -> 
  custom:video-encoder-webm-vp8: eb34c28f22e8b96e1ab97ce403110664 -> 
  custom:audio-encoder-webm-vorbis: bf7c407c2cedff20999df2af8eb42d56 -> 
  custom:framework-win-MediaFoundation: 216162199b28c13a410421893ffa2e32 -> 
  custom:container-demuxer-ogg: 62fdf1f143b41e24485cea50d1cbac27 -> 
  custom:video-decoder-webm-vp8: 9c59270c3fd7afecdb556c50c9e8de78 -> 
  custom:audio-decoder-ogg-vorbis: bf7c407c2cedff20999df2af8eb42d56 -> 
========================================================================
Received Prepare
Registering precompiled user dll's ...
Registered in 0.015581 seconds.
Begin MonoManager ReloadAssembly
Native extension for WindowsStandalone target not found
Refreshing native plugins compatible for Editor in 2.25 ms, found 2 plugins.
Preloading 0 native plugins for Editor in 0.00 ms.
Mono: successfully reloaded assembly
- Completed reload, in  2.993 seconds
Domain Reload Profiling:
	ReloadAssembly (2997ms)
		BeginReloadAssembly (289ms)
			ExecutionOrderSort (0ms)
			DisableScriptedObjects (19ms)
			BackupInstance (0ms)
			ReleaseScriptingObjects (0ms)
			CreateAndSetChildDomain (71ms)
		EndReloadAssembly (2457ms)
			LoadAssemblies (218ms)
			RebuildTransferFunctionScriptingTraits (0ms)
			SetupTypeCache (460ms)
			ReleaseScriptCaches (2ms)
			RebuildScriptCaches (149ms)
			SetupLoadedEditorAssemblies (1454ms)
				LogAssemblyErrors (0ms)
				InitializePlatformSupportModulesInManaged (40ms)
				SetLoadedEditorAssemblies (2ms)
				RefreshPlugins (2ms)
				BeforeProcessingInitializeOnLoad (244ms)
				ProcessInitializeOnLoadAttributes (642ms)
				ProcessInitializeOnLoadMethodAttributes (497ms)
				AfterProcessingInitializeOnLoad (25ms)
				EditorAssembliesLoaded (1ms)
			ExecutionOrderSort2 (0ms)
			AwakeInstancesAfterBackupRestoration (27ms)
Platform modules already initialized, skipping
Refreshing native plugins compatible for Editor in 28.09 ms, found 2 plugins.
Preloading 0 native plugins for Editor in 0.00 ms.
Unloading 2434 Unused Serialized files (Serialized files now loaded: 0)
Unloading 49 unused Assets / (25.7 KB). Loaded Objects now: 2942.
Memory consumption went from 94.4 MB to 94.4 MB.
Total: 23.019000 ms (FindLiveObjects: 0.432600 ms CreateObjectMapping: 0.330800 ms MarkObjects: 22.177400 ms  DeleteObjects: 0.075300 ms)

AssetImportParameters requested are different than current active one (requested -> active):
  custom:video-decoder-ogg-theora: a1e56fd34408186e4bbccfd4996cb3dc -> 
  custom:container-muxer-webm: aa71ff27fc2769a1b78a27578f13a17b -> 
  custom:container-demuxer-webm: 4f35f7cbe854078d1ac9338744f61a02 -> 
  custom:video-encoder-webm-vp8: eb34c28f22e8b96e1ab97ce403110664 -> 
  custom:audio-encoder-webm-vorbis: bf7c407c2cedff20999df2af8eb42d56 -> 
  custom:framework-win-MediaFoundation: 216162199b28c13a410421893ffa2e32 -> 
  custom:container-demuxer-ogg: 62fdf1f143b41e24485cea50d1cbac27 -> 
  custom:video-decoder-webm-vp8: 9c59270c3fd7afecdb556c50c9e8de78 -> 
  custom:audio-decoder-ogg-vorbis: bf7c407c2cedff20999df2af8eb42d56 -> 
========================================================================
Received Import Request.
  Time since last request: 1147.241974 seconds.
  path: Assets/Prefabs/Objects/Trees/Desert_Cactuses(2).prefab
  artifactKey: Guid(a7f0c5c344651da419488d78ffff232c) Importer(815301076,1909f56bfc062723c751e8b465ee728b)
Start importing Assets/Prefabs/Objects/Trees/Desert_Cactuses(2).prefab using Guid(a7f0c5c344651da419488d78ffff232c) Importer(815301076,1909f56bfc062723c751e8b465ee728b)  -> (artifact id: 'dafb27c41e758cf32662322d8e513ed5') in 0.253225 seconds 
========================================================================
Received Import Request.
  Time since last request: 0.636639 seconds.
  path: Assets/Prefabs/Objects/Trees/Desert_DesertWell.prefab
  artifactKey: Guid(8454e1a47286b3545ae27c2187e3027e) Importer(815301076,1909f56bfc062723c751e8b465ee728b)
Start importing Assets/Prefabs/Objects/Trees/Desert_DesertWell.prefab using Guid(8454e1a47286b3545ae27c2187e3027e) Importer(815301076,1909f56bfc062723c751e8b465ee728b)  -> (artifact id: '4edf66c1a3b4ce32e822427d33997729') in 0.103060 seconds 
========================================================================
Received Import Request.
  Time since last request: 0.518389 seconds.
  path: Assets/Prefabs/Objects/Trees/New_Tree.prefab
  artifactKey: Guid(e14ac54cb68414936a2bd83f087d9570) Importer(815301076,1909f56bfc062723c751e8b465ee728b)
Start importing Assets/Prefabs/Objects/Trees/New_Tree.prefab using Guid(e14ac54cb68414936a2bd83f087d9570) Importer(815301076,1909f56bfc062723c751e8b465ee728b)  -> (artifact id: 'cdad70c5afaa9db5766fd24b02926237') in 0.043499 seconds 
========================================================================
Received Import Request.
  Time since last request: 0.517090 seconds.
  path: Assets/Prefabs/Objects/Trees/Re_Tree.prefab
  artifactKey: Guid(586d96ab97e66490d8d28326dcfbce02) Importer(815301076,1909f56bfc062723c751e8b465ee728b)
Start importing Assets/Prefabs/Objects/Trees/Re_Tree.prefab using Guid(586d96ab97e66490d8d28326dcfbce02) Importer(815301076,1909f56bfc062723c751e8b465ee728b)  -> (artifact id: '51374701df0877f881cb307164bf39eb') in 0.051609 seconds 
========================================================================
Received Import Request.
  Time since last request: 0.597505 seconds.
  path: Assets/Prefabs/Objects/Trees/Tree (1).prefab
  artifactKey: Guid(088d1480110384ed89eafe2b6fdf54a9) Importer(815301076,1909f56bfc062723c751e8b465ee728b)
Start importing Assets/Prefabs/Objects/Trees/Tree (1).prefab using Guid(088d1480110384ed89eafe2b6fdf54a9) Importer(815301076,1909f56bfc062723c751e8b465ee728b)  -> (artifact id: '745cb1b45b3781d008198c4dae4c8289') in 0.113922 seconds 
========================================================================
Received Prepare
Registering precompiled user dll's ...
Registered in 0.013299 seconds.
Begin MonoManager ReloadAssembly
Native extension for WindowsStandalone target not found
Refreshing native plugins compatible for Editor in 2.10 ms, found 2 plugins.
Preloading 0 native plugins for Editor in 0.00 ms.
Mono: successfully reloaded assembly
- Completed reload, in  2.927 seconds
Domain Reload Profiling:
	ReloadAssembly (2930ms)
		BeginReloadAssembly (231ms)
			ExecutionOrderSort (0ms)
			DisableScriptedObjects (14ms)
			BackupInstance (0ms)
			ReleaseScriptingObjects (0ms)
			CreateAndSetChildDomain (64ms)
		EndReloadAssembly (2490ms)
			LoadAssemblies (156ms)
			RebuildTransferFunctionScriptingTraits (0ms)
			SetupTypeCache (396ms)
			ReleaseScriptCaches (3ms)
			RebuildScriptCaches (196ms)
			SetupLoadedEditorAssemblies (1505ms)
				LogAssemblyErrors (0ms)
				InitializePlatformSupportModulesInManaged (41ms)
				SetLoadedEditorAssemblies (1ms)
				RefreshPlugins (2ms)
				BeforeProcessingInitializeOnLoad (240ms)
				ProcessInitializeOnLoadAttributes (723ms)
				ProcessInitializeOnLoadMethodAttributes (468ms)
				AfterProcessingInitializeOnLoad (28ms)
				EditorAssembliesLoaded (2ms)
			ExecutionOrderSort2 (0ms)
			AwakeInstancesAfterBackupRestoration (28ms)
Platform modules already initialized, skipping
Refreshing native plugins compatible for Editor in 26.67 ms, found 2 plugins.
Preloading 0 native plugins for Editor in 0.00 ms.
Unloading 2434 Unused Serialized files (Serialized files now loaded: 0)
Unloading 49 unused Assets / (25.7 KB). Loaded Objects now: 2953.
Memory consumption went from 98.4 MB to 98.4 MB.
Total: 26.856900 ms (FindLiveObjects: 0.437700 ms CreateObjectMapping: 0.318200 ms MarkObjects: 26.007800 ms  DeleteObjects: 0.090900 ms)

AssetImportParameters requested are different than current active one (requested -> active):
  custom:video-decoder-ogg-theora: a1e56fd34408186e4bbccfd4996cb3dc -> 
  custom:container-muxer-webm: aa71ff27fc2769a1b78a27578f13a17b -> 
  custom:container-demuxer-webm: 4f35f7cbe854078d1ac9338744f61a02 -> 
  custom:video-encoder-webm-vp8: eb34c28f22e8b96e1ab97ce403110664 -> 
  custom:audio-encoder-webm-vorbis: bf7c407c2cedff20999df2af8eb42d56 -> 
  custom:framework-win-MediaFoundation: 216162199b28c13a410421893ffa2e32 -> 
  custom:container-demuxer-ogg: 62fdf1f143b41e24485cea50d1cbac27 -> 
  custom:video-decoder-webm-vp8: 9c59270c3fd7afecdb556c50c9e8de78 -> 
  custom:audio-decoder-ogg-vorbis: bf7c407c2cedff20999df2af8eb42d56 -> 
========================================================================
Received Prepare
Registering precompiled user dll's ...
Registered in 0.012530 seconds.
Begin MonoManager ReloadAssembly
Native extension for WindowsStandalone target not found
Refreshing native plugins compatible for Editor in 2.17 ms, found 2 plugins.
Preloading 0 native plugins for Editor in 0.00 ms.
Mono: successfully reloaded assembly
- Completed reload, in  2.180 seconds
Domain Reload Profiling:
	ReloadAssembly (2182ms)
		BeginReloadAssembly (296ms)
			ExecutionOrderSort (0ms)
			DisableScriptedObjects (16ms)
			BackupInstance (0ms)
			ReleaseScriptingObjects (0ms)
			CreateAndSetChildDomain (61ms)
		EndReloadAssembly (1658ms)
			LoadAssemblies (232ms)
			RebuildTransferFunctionScriptingTraits (0ms)
			SetupTypeCache (364ms)
			ReleaseScriptCaches (2ms)
			RebuildScriptCaches (99ms)
			SetupLoadedEditorAssemblies (900ms)
				LogAssemblyErrors (0ms)
				InitializePlatformSupportModulesInManaged (25ms)
				SetLoadedEditorAssemblies (1ms)
				RefreshPlugins (2ms)
				BeforeProcessingInitializeOnLoad (161ms)
				ProcessInitializeOnLoadAttributes (406ms)
				ProcessInitializeOnLoadMethodAttributes (289ms)
				AfterProcessingInitializeOnLoad (15ms)
				EditorAssembliesLoaded (0ms)
			ExecutionOrderSort2 (0ms)
			AwakeInstancesAfterBackupRestoration (16ms)
Platform modules already initialized, skipping
Refreshing native plugins compatible for Editor in 22.43 ms, found 2 plugins.
Preloading 0 native plugins for Editor in 0.00 ms.
Unloading 2434 Unused Serialized files (Serialized files now loaded: 0)
Unloading 49 unused Assets / (25.6 KB). Loaded Objects now: 2956.
Memory consumption went from 98.4 MB to 98.4 MB.
Total: 19.713800 ms (FindLiveObjects: 0.427200 ms CreateObjectMapping: 0.302000 ms MarkObjects: 18.920100 ms  DeleteObjects: 0.062100 ms)

AssetImportParameters requested are different than current active one (requested -> active):
  custom:video-decoder-ogg-theora: a1e56fd34408186e4bbccfd4996cb3dc -> 
  custom:container-muxer-webm: aa71ff27fc2769a1b78a27578f13a17b -> 
  custom:container-demuxer-webm: 4f35f7cbe854078d1ac9338744f61a02 -> 
  custom:video-encoder-webm-vp8: eb34c28f22e8b96e1ab97ce403110664 -> 
  custom:audio-encoder-webm-vorbis: bf7c407c2cedff20999df2af8eb42d56 -> 
  custom:framework-win-MediaFoundation: 216162199b28c13a410421893ffa2e32 -> 
  custom:container-demuxer-ogg: 62fdf1f143b41e24485cea50d1cbac27 -> 
  custom:video-decoder-webm-vp8: 9c59270c3fd7afecdb556c50c9e8de78 -> 
  custom:audio-decoder-ogg-vorbis: bf7c407c2cedff20999df2af8eb42d56 -> 
